The following modules were not unloaded:
  (Use "module --force purge" to unload all):

  1) 2023.01   2) StdEnv
Update: 0 | Average Return: 2.0000 | Average Episode Length: 31.0000
Update: 1 | Average Return: 2.0000 | Average Episode Length: 31.0000
Update: 2 | Average Return: 2.0000 | Average Episode Length: 31.0000
Update: 3 | Average Return: 2.0000 | Average Episode Length: 31.0000
Update: 4 | Average Return: 2.0000 | Average Episode Length: 31.0000
Update: 5 | Average Return: 2.0000 | Average Episode Length: 31.0000
Update: 6 | Average Return: 2.0000 | Average Episode Length: 31.0000
Update: 7 | Average Return: 2.0000 | Average Episode Length: 31.0000
Update: 8 | Average Return: 2.0000 | Average Episode Length: 31.0000
Update: 9 | Average Return: 2.0000 | Average Episode Length: 31.0000
Update: 10 | Average Return: 2.0000 | Average Episode Length: 31.0000
Update: 11 | Average Return: 2.0000 | Average Episode Length: 31.0000
Update: 12 | Average Return: 2.0000 | Average Episode Length: 31.0000
Update: 13 | Average Return: 2.0000 | Average Episode Length: 31.0000
Update: 14 | Average Return: 2.0000 | Average Episode Length: 31.0000
Update: 15 | Average Return: 2.0000 | Average Episode Length: 31.0000
Update: 16 | Average Return: 2.0000 | Average Episode Length: 31.0000
Update: 17 | Average Return: 2.0000 | Average Episode Length: 31.0000
Update: 18 | Average Return: 2.0000 | Average Episode Length: 31.0000
Update: 19 | Average Return: 2.0000 | Average Episode Length: 31.0000
Update: 20 | Average Return: 2.0000 | Average Episode Length: 31.0000
Update: 21 | Average Return: 2.0000 | Average Episode Length: 31.0000
Update: 22 | Average Return: 2.0000 | Average Episode Length: 31.0000
Update: 23 | Average Return: 2.0000 | Average Episode Length: 31.0000
Update: 24 | Average Return: 2.0000 | Average Episode Length: 31.0000
Update: 25 | Average Return: 2.0000 | Average Episode Length: 31.0000
Update: 26 | Average Return: 2.0000 | Average Episode Length: 31.0000
Update: 27 | Average Return: 2.0000 | Average Episode Length: 31.0000
Update: 28 | Average Return: 2.0000 | Average Episode Length: 31.0000
Update: 29 | Average Return: 2.0000 | Average Episode Length: 31.0000
Update: 30 | Average Return: 2.0000 | Average Episode Length: 31.0000
Update: 31 | Average Return: 2.0000 | Average Episode Length: 31.0000
Update: 32 | Average Return: 2.0000 | Average Episode Length: 31.0000
Update: 33 | Average Return: 2.0000 | Average Episode Length: 31.0000
Update: 34 | Average Return: 2.0000 | Average Episode Length: 31.0000
Update: 35 | Average Return: 2.0000 | Average Episode Length: 31.0000
Update: 36 | Average Return: 2.0000 | Average Episode Length: 31.0000
Update: 37 | Average Return: 2.0000 | Average Episode Length: 31.0000
Update: 38 | Average Return: 2.0000 | Average Episode Length: 31.0000
Update: 39 | Average Return: 2.0000 | Average Episode Length: 31.0000
Update: 40 | Average Return: 2.0000 | Average Episode Length: 31.0000
Update: 41 | Average Return: 2.0000 | Average Episode Length: 31.0000
Update: 42 | Average Return: 2.0000 | Average Episode Length: 31.0000
Update: 43 | Average Return: 2.0000 | Average Episode Length: 31.0000
Update: 44 | Average Return: 2.0000 | Average Episode Length: 31.0000
Update: 45 | Average Return: 2.0000 | Average Episode Length: 31.0000
Update: 46 | Average Return: 2.0000 | Average Episode Length: 31.0000
Update: 47 | Average Return: 2.0000 | Average Episode Length: 31.0000
Update: 48 | Average Return: 2.0000 | Average Episode Length: 31.0000
Update: 49 | Average Return: 2.0000 | Average Episode Length: 31.0000
Update: 50 | Average Return: 2.0000 | Average Episode Length: 31.0000
Update: 51 | Average Return: 2.0000 | Average Episode Length: 31.0000
Update: 52 | Average Return: 2.0000 | Average Episode Length: 31.0000
Update: 53 | Average Return: 2.0000 | Average Episode Length: 31.0000
Update: 54 | Average Return: 2.0000 | Average Episode Length: 31.0000
Update: 55 | Average Return: 2.0000 | Average Episode Length: 31.0000
Update: 56 | Average Return: 2.0000 | Average Episode Length: 31.0000
Update: 57 | Average Return: 2.0000 | Average Episode Length: 31.0000
Update: 58 | Average Return: 2.0000 | Average Episode Length: 31.0000
Update: 59 | Average Return: 2.0000 | Average Episode Length: 31.0000
Update: 60 | Average Return: 2.0000 | Average Episode Length: 31.0000
Update: 61 | Average Return: 2.0000 | Average Episode Length: 31.0000
Update: 62 | Average Return: 2.0000 | Average Episode Length: 31.0000
Update: 63 | Average Return: 2.0000 | Average Episode Length: 31.0000
Update: 64 | Average Return: 2.0000 | Average Episode Length: 31.0000
Update: 65 | Average Return: 2.0000 | Average Episode Length: 31.0000
Update: 66 | Average Return: 2.0000 | Average Episode Length: 31.0000
Update: 67 | Average Return: 2.0000 | Average Episode Length: 31.0000
Update: 68 | Average Return: 2.0000 | Average Episode Length: 31.0000
Update: 69 | Average Return: 2.0000 | Average Episode Length: 31.0000
Update: 70 | Average Return: 2.0000 | Average Episode Length: 31.0000
Update: 71 | Average Return: 2.0000 | Average Episode Length: 31.0000
Update: 72 | Average Return: 2.0000 | Average Episode Length: 31.0000
Update: 73 | Average Return: 2.0000 | Average Episode Length: 31.0000
Update: 74 | Average Return: 2.0000 | Average Episode Length: 31.0000
Update: 75 | Average Return: 2.0000 | Average Episode Length: 31.0000
Update: 76 | Average Return: 2.0000 | Average Episode Length: 31.0000
Update: 77 | Average Return: 2.0000 | Average Episode Length: 31.0000
Update: 78 | Average Return: 2.0000 | Average Episode Length: 31.0000
Update: 79 | Average Return: 3.9000 | Average Episode Length: 50.0000
Update: 80 | Average Return: 3.9000 | Average Episode Length: 50.0000
Update: 81 | Average Return: 3.9000 | Average Episode Length: 50.0000
Update: 82 | Average Return: 3.9000 | Average Episode Length: 50.0000
Update: 83 | Average Return: 3.9000 | Average Episode Length: 50.0000
Update: 84 | Average Return: 3.9000 | Average Episode Length: 50.0000
Update: 85 | Average Return: 3.9000 | Average Episode Length: 50.0000
Update: 86 | Average Return: 3.9000 | Average Episode Length: 50.0000
Update: 87 | Average Return: 3.9000 | Average Episode Length: 50.0000
Update: 88 | Average Return: 3.9000 | Average Episode Length: 50.0000
Update: 89 | Average Return: 3.9000 | Average Episode Length: 50.0000
Update: 90 | Average Return: 3.9000 | Average Episode Length: 50.0000
Update: 91 | Average Return: 3.9000 | Average Episode Length: 50.0000
Update: 92 | Average Return: 3.9000 | Average Episode Length: 50.0000
Update: 93 | Average Return: 3.9300 | Average Episode Length: 50.0000
Update: 94 | Average Return: 3.9400 | Average Episode Length: 50.0000
Update: 95 | Average Return: 3.9000 | Average Episode Length: 50.0000
Update: 96 | Average Return: 3.9000 | Average Episode Length: 50.0000
Update: 97 | Average Return: 3.9000 | Average Episode Length: 50.0000
Update: 98 | Average Return: 4.0000 | Average Episode Length: 55.0000
Update: 99 | Average Return: 3.9800 | Average Episode Length: 54.0000
Update: 100 | Average Return: 3.9300 | Average Episode Length: 50.0000
Update: 101 | Average Return: 3.9300 | Average Episode Length: 50.0000
Update: 102 | Average Return: 3.9800 | Average Episode Length: 50.0000
Update: 103 | Average Return: 4.0400 | Average Episode Length: 50.0000
Update: 104 | Average Return: 4.0800 | Average Episode Length: 50.0000
Update: 105 | Average Return: 4.1200 | Average Episode Length: 55.0000
Update: 106 | Average Return: 4.1200 | Average Episode Length: 56.0000
Update: 107 | Average Return: 4.0500 | Average Episode Length: 50.0000
Update: 108 | Average Return: 4.0800 | Average Episode Length: 50.0000
Update: 109 | Average Return: 3.9900 | Average Episode Length: 50.0000
Update: 110 | Average Return: 4.1000 | Average Episode Length: 56.0000
Update: 111 | Average Return: 4.0400 | Average Episode Length: 50.0000
Update: 112 | Average Return: 4.0300 | Average Episode Length: 56.0000
Update: 113 | Average Return: 3.9500 | Average Episode Length: 50.0000
Update: 114 | Average Return: 4.1200 | Average Episode Length: 56.0000
Update: 115 | Average Return: 4.1000 | Average Episode Length: 50.0000
Update: 116 | Average Return: 4.1700 | Average Episode Length: 50.0000
Update: 117 | Average Return: 4.5500 | Average Episode Length: 50.0000
Update: 118 | Average Return: 4.1300 | Average Episode Length: 52.0000
Update: 119 | Average Return: 4.5300 | Average Episode Length: 53.0000
Update: 120 | Average Return: 6.8700 | Average Episode Length: 50.0000
Update: 121 | Average Return: 4.9500 | Average Episode Length: 52.0000
Update: 122 | Average Return: 4.9600 | Average Episode Length: 52.0000
Update: 123 | Average Return: 5.0100 | Average Episode Length: 50.0000
Update: 124 | Average Return: 4.5800 | Average Episode Length: 55.0000
Update: 125 | Average Return: 4.1100 | Average Episode Length: 50.0000
Update: 126 | Average Return: 4.4300 | Average Episode Length: 54.0000
Update: 127 | Average Return: 4.4200 | Average Episode Length: 86.0000
Update: 128 | Average Return: 4.4200 | Average Episode Length: 50.0000
Update: 129 | Average Return: 5.3600 | Average Episode Length: 54.0000
Update: 130 | Average Return: 5.5000 | Average Episode Length: 54.0000
Update: 131 | Average Return: 6.4100 | Average Episode Length: 50.0000
Update: 132 | Average Return: 6.3400 | Average Episode Length: 90.0000
Update: 133 | Average Return: 5.3300 | Average Episode Length: 51.0000
Update: 134 | Average Return: 4.4800 | Average Episode Length: 51.0000
Update: 135 | Average Return: 4.5500 | Average Episode Length: 51.0000
Update: 136 | Average Return: 5.7500 | Average Episode Length: 50.0000
Update: 137 | Average Return: 4.5000 | Average Episode Length: 90.0000
Update: 138 | Average Return: 4.4300 | Average Episode Length: 86.0000
Update: 139 | Average Return: 4.0300 | Average Episode Length: 50.0000
Update: 140 | Average Return: 5.8700 | Average Episode Length: 50.0000
Update: 141 | Average Return: 7.6200 | Average Episode Length: 122.0000
Update: 142 | Average Return: 4.0000 | Average Episode Length: 53.0000
Update: 143 | Average Return: 5.8900 | Average Episode Length: 53.0000
Update: 144 | Average Return: 6.3000 | Average Episode Length: 50.0000
Update: 145 | Average Return: 4.8600 | Average Episode Length: 50.0000
Update: 146 | Average Return: 6.7200 | Average Episode Length: 50.0000
Update: 147 | Average Return: 5.3900 | Average Episode Length: 52.0000
Update: 148 | Average Return: 4.9400 | Average Episode Length: 53.0000
Update: 149 | Average Return: 5.8100 | Average Episode Length: 50.0000
Update: 150 | Average Return: 8.1500 | Average Episode Length: 89.0000
Update: 151 | Average Return: 5.3300 | Average Episode Length: 50.0000
Update: 152 | Average Return: 9.1400 | Average Episode Length: 50.0000
Update: 153 | Average Return: 8.1600 | Average Episode Length: 87.0000
Update: 154 | Average Return: 7.6800 | Average Episode Length: 50.0000
Update: 155 | Average Return: 5.3300 | Average Episode Length: 50.0000
Update: 156 | Average Return: 8.6100 | Average Episode Length: 50.0000
Update: 157 | Average Return: 6.7500 | Average Episode Length: 90.0000
Update: 158 | Average Return: 6.7500 | Average Episode Length: 86.0000
Update: 159 | Average Return: 4.3600 | Average Episode Length: 50.0000
Update: 160 | Average Return: 13.4300 | Average Episode Length: 86.0000
Update: 161 | Average Return: 11.5000 | Average Episode Length: 58.0000
Update: 162 | Average Return: 7.6600 | Average Episode Length: 123.0000
Update: 163 | Average Return: 5.8400 | Average Episode Length: 51.0000
Update: 164 | Average Return: 6.3200 | Average Episode Length: 51.0000
Update: 165 | Average Return: 10.4200 | Average Episode Length: 164.0000
Update: 166 | Average Return: 6.2300 | Average Episode Length: 50.0000
Update: 167 | Average Return: 10.5200 | Average Episode Length: 89.0000
Update: 168 | Average Return: 8.6000 | Average Episode Length: 89.0000
Update: 169 | Average Return: 12.2100 | Average Episode Length: 200.0000
Update: 170 | Average Return: 6.7500 | Average Episode Length: 50.0000
Update: 171 | Average Return: 5.8000 | Average Episode Length: 89.0000
Update: 172 | Average Return: 5.7300 | Average Episode Length: 50.0000
Update: 173 | Average Return: 8.1600 | Average Episode Length: 50.0000
Update: 174 | Average Return: 5.7900 | Average Episode Length: 52.0000
Update: 175 | Average Return: 7.1500 | Average Episode Length: 89.0000
Update: 176 | Average Return: 11.4300 | Average Episode Length: 86.0000
Update: 177 | Average Return: 7.7100 | Average Episode Length: 89.0000
Update: 178 | Average Return: 5.3400 | Average Episode Length: 50.0000
Update: 179 | Average Return: 9.4900 | Average Episode Length: 86.0000
Update: 180 | Average Return: 11.7300 | Average Episode Length: 96.0000
Update: 181 | Average Return: 13.6200 | Average Episode Length: 50.0000
Update: 182 | Average Return: 13.6000 | Average Episode Length: 50.0000
Update: 183 | Average Return: 4.8300 | Average Episode Length: 50.0000
Update: 184 | Average Return: 11.5100 | Average Episode Length: 242.0000
Update: 185 | Average Return: 8.3200 | Average Episode Length: 126.0000
Update: 186 | Average Return: 8.2600 | Average Episode Length: 86.0000
Update: 187 | Average Return: 9.4800 | Average Episode Length: 164.0000
Update: 188 | Average Return: 10.2800 | Average Episode Length: 242.0000
Update: 189 | Average Return: 6.2400 | Average Episode Length: 88.0000
Update: 190 | Average Return: 6.6600 | Average Episode Length: 50.0000
Update: 191 | Average Return: 8.8100 | Average Episode Length: 130.0000
Update: 192 | Average Return: 7.8900 | Average Episode Length: 59.0000
Update: 193 | Average Return: 9.0000 | Average Episode Length: 50.0000
Update: 194 | Average Return: 9.9600 | Average Episode Length: 88.0000
Update: 195 | Average Return: 9.9600 | Average Episode Length: 86.0000
Update: 196 | Average Return: 7.0300 | Average Episode Length: 50.0000
Update: 197 | Average Return: 7.1200 | Average Episode Length: 86.0000
Update: 198 | Average Return: 9.4500 | Average Episode Length: 202.0000
Update: 199 | Average Return: 10.3500 | Average Episode Length: 50.0000
Update: 200 | Average Return: 12.6600 | Average Episode Length: 135.0000
Update: 201 | Average Return: 8.0700 | Average Episode Length: 86.0000
Update: 202 | Average Return: 9.3500 | Average Episode Length: 282.0000
Update: 203 | Average Return: 12.1000 | Average Episode Length: 86.0000
Update: 204 | Average Return: 7.9000 | Average Episode Length: 96.0000
Update: 205 | Average Return: 9.3900 | Average Episode Length: 97.0000
Update: 206 | Average Return: 10.1100 | Average Episode Length: 50.0000
Update: 207 | Average Return: 6.9800 | Average Episode Length: 50.0000
Update: 208 | Average Return: 15.0600 | Average Episode Length: 128.0000
Update: 209 | Average Return: 9.2900 | Average Episode Length: 59.0000
Update: 210 | Average Return: 7.1400 | Average Episode Length: 131.0000
Update: 211 | Average Return: 15.1400 | Average Episode Length: 235.0000
Update: 212 | Average Return: 10.6700 | Average Episode Length: 59.0000
Update: 213 | Average Return: 6.4600 | Average Episode Length: 50.0000
Update: 214 | Average Return: 12.8100 | Average Episode Length: 173.0000
Update: 215 | Average Return: 16.1200 | Average Episode Length: 127.0000
Update: 216 | Average Return: 12.6300 | Average Episode Length: 165.0000
Update: 217 | Average Return: 10.7200 | Average Episode Length: 67.0000
Update: 218 | Average Return: 14.3300 | Average Episode Length: 87.0000
Update: 219 | Average Return: 6.3300 | Average Episode Length: 59.0000
Update: 220 | Average Return: 9.3000 | Average Episode Length: 50.0000
Update: 221 | Average Return: 11.0800 | Average Episode Length: 126.0000
Update: 222 | Average Return: 9.1700 | Average Episode Length: 66.0000
Update: 223 | Average Return: 12.5400 | Average Episode Length: 66.0000
Update: 224 | Average Return: 13.9900 | Average Episode Length: 277.0000
Update: 225 | Average Return: 9.3500 | Average Episode Length: 88.0000
Update: 226 | Average Return: 7.8300 | Average Episode Length: 86.0000
Update: 227 | Average Return: 12.2400 | Average Episode Length: 86.0000
Update: 228 | Average Return: 13.8900 | Average Episode Length: 97.0000
Update: 229 | Average Return: 12.9300 | Average Episode Length: 123.0000
Update: 230 | Average Return: 12.6300 | Average Episode Length: 86.0000
Update: 231 | Average Return: 12.5400 | Average Episode Length: 203.0000
Update: 232 | Average Return: 7.1500 | Average Episode Length: 59.0000
Update: 233 | Average Return: 13.2400 | Average Episode Length: 59.0000
Update: 234 | Average Return: 12.1300 | Average Episode Length: 94.0000
Update: 235 | Average Return: 9.8700 | Average Episode Length: 129.0000
Update: 236 | Average Return: 8.6800 | Average Episode Length: 97.0000
Update: 237 | Average Return: 8.1900 | Average Episode Length: 66.0000
Update: 238 | Average Return: 12.5900 | Average Episode Length: 66.0000
Update: 239 | Average Return: 9.9500 | Average Episode Length: 86.0000
Update: 240 | Average Return: 15.0600 | Average Episode Length: 132.0000
Update: 241 | Average Return: 10.4900 | Average Episode Length: 86.0000
Update: 242 | Average Return: 13.1500 | Average Episode Length: 93.0000
Update: 243 | Average Return: 8.8800 | Average Episode Length: 165.0000
Update: 244 | Average Return: 9.2300 | Average Episode Length: 67.0000
Update: 245 | Average Return: 11.5300 | Average Episode Length: 86.0000
Update: 246 | Average Return: 9.8100 | Average Episode Length: 122.0000
Update: 247 | Average Return: 9.7400 | Average Episode Length: 94.0000
Update: 248 | Average Return: 10.0100 | Average Episode Length: 163.0000
Update: 249 | Average Return: 7.8400 | Average Episode Length: 86.0000
Update: 250 | Average Return: 8.9800 | Average Episode Length: 67.0000
Update: 251 | Average Return: 9.5200 | Average Episode Length: 67.0000
Update: 252 | Average Return: 12.7100 | Average Episode Length: 59.0000
Update: 253 | Average Return: 14.1500 | Average Episode Length: 131.0000
Update: 254 | Average Return: 13.4800 | Average Episode Length: 86.0000
Update: 255 | Average Return: 10.3200 | Average Episode Length: 58.0000
Update: 256 | Average Return: 17.2600 | Average Episode Length: 68.0000
Update: 257 | Average Return: 9.0600 | Average Episode Length: 127.0000
Update: 258 | Average Return: 8.5200 | Average Episode Length: 88.0000
Update: 259 | Average Return: 11.6100 | Average Episode Length: 165.0000
Update: 260 | Average Return: 8.5400 | Average Episode Length: 123.0000
Update: 261 | Average Return: 8.3600 | Average Episode Length: 66.0000
Update: 262 | Average Return: 12.1300 | Average Episode Length: 97.0000
Update: 263 | Average Return: 9.6400 | Average Episode Length: 167.0000
Update: 264 | Average Return: 12.4200 | Average Episode Length: 67.0000
Update: 265 | Average Return: 10.9800 | Average Episode Length: 59.0000
Update: 266 | Average Return: 12.8200 | Average Episode Length: 86.0000
Update: 267 | Average Return: 13.8700 | Average Episode Length: 50.0000
Update: 268 | Average Return: 11.2900 | Average Episode Length: 94.0000
Update: 269 | Average Return: 14.8900 | Average Episode Length: 131.0000
Update: 270 | Average Return: 10.7100 | Average Episode Length: 86.0000
Update: 271 | Average Return: 11.5900 | Average Episode Length: 163.0000
Update: 272 | Average Return: 10.0100 | Average Episode Length: 129.0000
Update: 273 | Average Return: 12.5500 | Average Episode Length: 163.0000
Update: 274 | Average Return: 11.6300 | Average Episode Length: 86.0000
Update: 275 | Average Return: 14.7900 | Average Episode Length: 125.0000
Update: 276 | Average Return: 11.8800 | Average Episode Length: 86.0000
Update: 277 | Average Return: 14.8500 | Average Episode Length: 132.0000
Update: 278 | Average Return: 17.0000 | Average Episode Length: 86.0000
Update: 279 | Average Return: 13.9200 | Average Episode Length: 59.0000
Update: 280 | Average Return: 14.0700 | Average Episode Length: 86.0000
Update: 281 | Average Return: 9.2500 | Average Episode Length: 86.0000
Update: 282 | Average Return: 12.7800 | Average Episode Length: 86.0000
Update: 283 | Average Return: 12.8400 | Average Episode Length: 86.0000
Update: 284 | Average Return: 10.5600 | Average Episode Length: 67.0000
Update: 285 | Average Return: 11.1000 | Average Episode Length: 131.0000
Update: 286 | Average Return: 12.3900 | Average Episode Length: 164.0000
Update: 287 | Average Return: 8.3800 | Average Episode Length: 86.0000
Update: 288 | Average Return: 11.2000 | Average Episode Length: 97.0000
Update: 289 | Average Return: 12.7300 | Average Episode Length: 205.0000
Update: 290 | Average Return: 9.3900 | Average Episode Length: 126.0000
Update: 291 | Average Return: 13.5800 | Average Episode Length: 86.0000
Update: 292 | Average Return: 17.4800 | Average Episode Length: 166.0000
Update: 293 | Average Return: 13.1400 | Average Episode Length: 67.0000
Update: 294 | Average Return: 12.8600 | Average Episode Length: 163.0000
Update: 295 | Average Return: 10.4300 | Average Episode Length: 66.0000
Update: 296 | Average Return: 13.2500 | Average Episode Length: 59.0000
Update: 297 | Average Return: 12.5900 | Average Episode Length: 59.0000
Update: 298 | Average Return: 10.1400 | Average Episode Length: 86.0000
Update: 299 | Average Return: 15.9600 | Average Episode Length: 89.0000
Update: 300 | Average Return: 12.1000 | Average Episode Length: 67.0000
Update: 301 | Average Return: 10.3700 | Average Episode Length: 93.0000
Update: 302 | Average Return: 12.7800 | Average Episode Length: 168.0000
Update: 303 | Average Return: 10.8300 | Average Episode Length: 94.0000
Update: 304 | Average Return: 8.6000 | Average Episode Length: 66.0000
Update: 305 | Average Return: 18.0000 | Average Episode Length: 173.0000
Update: 306 | Average Return: 12.6100 | Average Episode Length: 243.0000
Update: 307 | Average Return: 14.3200 | Average Episode Length: 131.0000
Update: 308 | Average Return: 11.2700 | Average Episode Length: 170.0000
Update: 309 | Average Return: 10.9900 | Average Episode Length: 59.0000
Update: 310 | Average Return: 14.0900 | Average Episode Length: 127.0000
Update: 311 | Average Return: 13.0200 | Average Episode Length: 163.0000
Update: 312 | Average Return: 12.5200 | Average Episode Length: 129.0000
Update: 313 | Average Return: 9.9900 | Average Episode Length: 199.0000
Update: 314 | Average Return: 10.5500 | Average Episode Length: 59.0000
Update: 315 | Average Return: 15.0700 | Average Episode Length: 164.0000
Update: 316 | Average Return: 11.0000 | Average Episode Length: 168.0000
Update: 317 | Average Return: 11.0900 | Average Episode Length: 131.0000
Update: 318 | Average Return: 9.6500 | Average Episode Length: 241.0000
Update: 319 | Average Return: 11.5900 | Average Episode Length: 86.0000
Update: 320 | Average Return: 12.8400 | Average Episode Length: 67.0000
Update: 321 | Average Return: 16.2700 | Average Episode Length: 94.0000
Update: 322 | Average Return: 16.3000 | Average Episode Length: 68.0000
Update: 323 | Average Return: 17.3200 | Average Episode Length: 202.0000
Update: 324 | Average Return: 14.3200 | Average Episode Length: 169.0000
Update: 325 | Average Return: 11.1500 | Average Episode Length: 182.0000
Update: 326 | Average Return: 9.1100 | Average Episode Length: 97.0000
Update: 327 | Average Return: 12.0300 | Average Episode Length: 66.0000
Update: 328 | Average Return: 12.2900 | Average Episode Length: 89.0000
Update: 329 | Average Return: 14.8300 | Average Episode Length: 50.0000
Update: 330 | Average Return: 12.7800 | Average Episode Length: 86.0000
Update: 331 | Average Return: 13.2300 | Average Episode Length: 59.0000
Update: 332 | Average Return: 9.5400 | Average Episode Length: 123.0000
Update: 333 | Average Return: 11.0300 | Average Episode Length: 123.0000
Update: 334 | Average Return: 16.5300 | Average Episode Length: 91.0000
Update: 335 | Average Return: 16.3600 | Average Episode Length: 166.0000
Update: 336 | Average Return: 12.3500 | Average Episode Length: 67.0000
Update: 337 | Average Return: 13.4900 | Average Episode Length: 86.0000
Update: 338 | Average Return: 11.7500 | Average Episode Length: 94.0000
Update: 339 | Average Return: 13.7000 | Average Episode Length: 163.0000
Update: 340 | Average Return: 16.6300 | Average Episode Length: 129.0000
Update: 341 | Average Return: 14.5700 | Average Episode Length: 88.0000
Update: 342 | Average Return: 15.8500 | Average Episode Length: 130.0000
Update: 343 | Average Return: 13.3600 | Average Episode Length: 165.0000
Update: 344 | Average Return: 12.6900 | Average Episode Length: 59.0000
Update: 345 | Average Return: 15.6300 | Average Episode Length: 91.0000
Update: 346 | Average Return: 10.7900 | Average Episode Length: 86.0000
Update: 347 | Average Return: 8.9000 | Average Episode Length: 88.0000
Update: 348 | Average Return: 13.4600 | Average Episode Length: 124.0000
Update: 349 | Average Return: 11.9400 | Average Episode Length: 199.0000
Update: 350 | Average Return: 20.2700 | Average Episode Length: 320.0000
Update: 351 | Average Return: 14.8200 | Average Episode Length: 59.0000
Update: 352 | Average Return: 10.0000 | Average Episode Length: 130.0000
Update: 353 | Average Return: 10.4700 | Average Episode Length: 86.0000
Update: 354 | Average Return: 13.7900 | Average Episode Length: 123.0000
Update: 355 | Average Return: 15.2100 | Average Episode Length: 205.0000
Update: 356 | Average Return: 12.6400 | Average Episode Length: 59.0000
Update: 357 | Average Return: 9.5600 | Average Episode Length: 163.0000
Update: 358 | Average Return: 13.3200 | Average Episode Length: 312.0000
Update: 359 | Average Return: 12.9200 | Average Episode Length: 93.0000
Update: 360 | Average Return: 14.8900 | Average Episode Length: 279.0000
Update: 361 | Average Return: 11.5200 | Average Episode Length: 239.0000
Update: 362 | Average Return: 15.2500 | Average Episode Length: 86.0000
Update: 363 | Average Return: 14.9500 | Average Episode Length: 91.0000
Update: 364 | Average Return: 12.0900 | Average Episode Length: 86.0000
Update: 365 | Average Return: 12.0600 | Average Episode Length: 59.0000
Update: 366 | Average Return: 15.9800 | Average Episode Length: 86.0000
Update: 367 | Average Return: 9.9000 | Average Episode Length: 123.0000
Update: 368 | Average Return: 14.6600 | Average Episode Length: 68.0000
Update: 369 | Average Return: 11.0700 | Average Episode Length: 169.0000
Update: 370 | Average Return: 15.0800 | Average Episode Length: 202.0000
Update: 371 | Average Return: 16.0600 | Average Episode Length: 284.0000
Update: 372 | Average Return: 10.9000 | Average Episode Length: 245.0000
Update: 373 | Average Return: 17.6200 | Average Episode Length: 86.0000
Update: 374 | Average Return: 13.7400 | Average Episode Length: 127.0000
Update: 375 | Average Return: 13.4600 | Average Episode Length: 59.0000
Update: 376 | Average Return: 17.5200 | Average Episode Length: 68.0000
Update: 377 | Average Return: 11.0300 | Average Episode Length: 94.0000
Update: 378 | Average Return: 15.2900 | Average Episode Length: 211.0000
Update: 379 | Average Return: 11.3500 | Average Episode Length: 59.0000
Update: 380 | Average Return: 15.1200 | Average Episode Length: 163.0000
Update: 381 | Average Return: 13.8800 | Average Episode Length: 86.0000
Update: 382 | Average Return: 11.5800 | Average Episode Length: 246.0000
Update: 383 | Average Return: 14.0700 | Average Episode Length: 132.0000
Update: 384 | Average Return: 14.0800 | Average Episode Length: 59.0000
Update: 385 | Average Return: 14.9800 | Average Episode Length: 276.0000
Update: 386 | Average Return: 16.2800 | Average Episode Length: 131.0000
Update: 387 | Average Return: 15.0000 | Average Episode Length: 132.0000
Update: 388 | Average Return: 17.8400 | Average Episode Length: 165.0000
Update: 389 | Average Return: 15.3000 | Average Episode Length: 163.0000
Update: 390 | Average Return: 16.6200 | Average Episode Length: 86.0000
Update: 391 | Average Return: 12.5300 | Average Episode Length: 129.0000
Update: 392 | Average Return: 13.3900 | Average Episode Length: 86.0000
Update: 393 | Average Return: 12.5500 | Average Episode Length: 278.0000
Update: 394 | Average Return: 12.5800 | Average Episode Length: 59.0000
Update: 395 | Average Return: 15.7900 | Average Episode Length: 203.0000
Update: 396 | Average Return: 13.9400 | Average Episode Length: 86.0000
Update: 397 | Average Return: 11.8700 | Average Episode Length: 91.0000
Update: 398 | Average Return: 12.3900 | Average Episode Length: 199.0000
Update: 399 | Average Return: 11.5800 | Average Episode Length: 166.0000
Update: 400 | Average Return: 15.2500 | Average Episode Length: 168.0000
Update: 401 | Average Return: 12.5300 | Average Episode Length: 86.0000
Update: 402 | Average Return: 15.2100 | Average Episode Length: 88.0000
Update: 403 | Average Return: 11.0500 | Average Episode Length: 127.0000
Update: 404 | Average Return: 14.7500 | Average Episode Length: 86.0000
Update: 405 | Average Return: 12.7300 | Average Episode Length: 88.0000
Update: 406 | Average Return: 21.4400 | Average Episode Length: 466.0000
Update: 407 | Average Return: 13.3700 | Average Episode Length: 164.0000
Update: 408 | Average Return: 13.0700 | Average Episode Length: 202.0000
Update: 409 | Average Return: 15.7800 | Average Episode Length: 92.0000
Update: 410 | Average Return: 12.1000 | Average Episode Length: 171.0000
Update: 411 | Average Return: 12.8700 | Average Episode Length: 172.0000
Update: 412 | Average Return: 14.6800 | Average Episode Length: 171.0000
Update: 413 | Average Return: 16.2400 | Average Episode Length: 127.0000
Update: 414 | Average Return: 12.4000 | Average Episode Length: 89.0000
Update: 415 | Average Return: 15.1600 | Average Episode Length: 86.0000
Update: 416 | Average Return: 16.8100 | Average Episode Length: 320.0000
Update: 417 | Average Return: 16.1100 | Average Episode Length: 59.0000
Update: 418 | Average Return: 14.8300 | Average Episode Length: 86.0000
Update: 419 | Average Return: 15.2900 | Average Episode Length: 128.0000
Update: 420 | Average Return: 15.7900 | Average Episode Length: 276.0000
Update: 421 | Average Return: 11.9700 | Average Episode Length: 165.0000
Update: 422 | Average Return: 11.8900 | Average Episode Length: 59.0000
Update: 423 | Average Return: 12.4000 | Average Episode Length: 165.0000
Update: 424 | Average Return: 11.6200 | Average Episode Length: 90.0000
Update: 425 | Average Return: 15.3800 | Average Episode Length: 93.0000
Update: 426 | Average Return: 21.2300 | Average Episode Length: 201.0000
Update: 427 | Average Return: 10.6900 | Average Episode Length: 163.0000
Update: 428 | Average Return: 15.3200 | Average Episode Length: 59.0000
Update: 429 | Average Return: 12.2500 | Average Episode Length: 163.0000
Update: 430 | Average Return: 9.0700 | Average Episode Length: 86.0000
Update: 431 | Average Return: 12.5600 | Average Episode Length: 59.0000
Update: 432 | Average Return: 11.6800 | Average Episode Length: 199.0000
Update: 433 | Average Return: 16.0400 | Average Episode Length: 90.0000
Update: 434 | Average Return: 17.8200 | Average Episode Length: 92.0000
Update: 435 | Average Return: 13.9300 | Average Episode Length: 89.0000
Update: 436 | Average Return: 12.5200 | Average Episode Length: 167.0000
Update: 437 | Average Return: 15.7000 | Average Episode Length: 86.0000
Update: 438 | Average Return: 17.0400 | Average Episode Length: 201.0000
Update: 439 | Average Return: 12.9800 | Average Episode Length: 92.0000
Update: 440 | Average Return: 10.2300 | Average Episode Length: 59.0000
Update: 441 | Average Return: 13.0600 | Average Episode Length: 86.0000
Update: 442 | Average Return: 11.6600 | Average Episode Length: 86.0000
Update: 443 | Average Return: 20.0000 | Average Episode Length: 130.0000
Update: 444 | Average Return: 10.6100 | Average Episode Length: 90.0000
Update: 445 | Average Return: 17.5600 | Average Episode Length: 130.0000
Update: 446 | Average Return: 16.2500 | Average Episode Length: 166.0000
Update: 447 | Average Return: 14.3700 | Average Episode Length: 200.0000
Update: 448 | Average Return: 12.8200 | Average Episode Length: 92.0000
Update: 449 | Average Return: 18.1000 | Average Episode Length: 201.0000
Update: 450 | Average Return: 13.7600 | Average Episode Length: 165.0000
Update: 451 | Average Return: 17.0000 | Average Episode Length: 59.0000
Update: 452 | Average Return: 15.2600 | Average Episode Length: 163.0000
Update: 453 | Average Return: 16.7300 | Average Episode Length: 199.0000
Update: 454 | Average Return: 8.4200 | Average Episode Length: 86.0000
Update: 455 | Average Return: 10.1800 | Average Episode Length: 59.0000
Update: 456 | Average Return: 13.4700 | Average Episode Length: 163.0000
Update: 457 | Average Return: 16.4500 | Average Episode Length: 200.0000
Update: 458 | Average Return: 14.9200 | Average Episode Length: 86.0000
Update: 459 | Average Return: 16.6800 | Average Episode Length: 92.0000
Update: 460 | Average Return: 19.8600 | Average Episode Length: 249.0000
Update: 461 | Average Return: 11.4600 | Average Episode Length: 125.0000
Update: 462 | Average Return: 16.2300 | Average Episode Length: 276.0000
Update: 463 | Average Return: 14.2800 | Average Episode Length: 86.0000
Update: 464 | Average Return: 10.3700 | Average Episode Length: 86.0000
Update: 465 | Average Return: 11.2900 | Average Episode Length: 276.0000
Update: 466 | Average Return: 16.6800 | Average Episode Length: 124.0000
Update: 467 | Average Return: 14.3000 | Average Episode Length: 94.0000
Update: 468 | Average Return: 13.0500 | Average Episode Length: 86.0000
Update: 469 | Average Return: 13.3600 | Average Episode Length: 122.0000
Update: 470 | Average Return: 15.4400 | Average Episode Length: 204.0000
Update: 471 | Average Return: 11.9400 | Average Episode Length: 125.0000
Update: 472 | Average Return: 10.9400 | Average Episode Length: 127.0000
Update: 473 | Average Return: 14.5500 | Average Episode Length: 199.0000
Update: 474 | Average Return: 11.0100 | Average Episode Length: 59.0000
Update: 475 | Average Return: 13.4000 | Average Episode Length: 59.0000
Update: 476 | Average Return: 10.6700 | Average Episode Length: 86.0000
Update: 477 | Average Return: 12.4000 | Average Episode Length: 86.0000
Update: 478 | Average Return: 14.7600 | Average Episode Length: 94.0000
Update: 479 | Average Return: 15.4800 | Average Episode Length: 434.0000
Update: 480 | Average Return: 16.6500 | Average Episode Length: 200.0000
Update: 481 | Average Return: 14.1100 | Average Episode Length: 93.0000
Update: 482 | Average Return: 16.8300 | Average Episode Length: 95.0000
Update: 483 | Average Return: 13.4300 | Average Episode Length: 86.0000
Update: 484 | Average Return: 16.0400 | Average Episode Length: 131.0000
Update: 485 | Average Return: 13.8700 | Average Episode Length: 199.0000
Update: 486 | Average Return: 9.9700 | Average Episode Length: 163.0000
Update: 487 | Average Return: 13.2900 | Average Episode Length: 276.0000
Update: 488 | Average Return: 15.9300 | Average Episode Length: 59.0000
Update: 489 | Average Return: 12.1300 | Average Episode Length: 166.0000
Update: 490 | Average Return: 15.8500 | Average Episode Length: 88.0000
Update: 491 | Average Return: 16.0200 | Average Episode Length: 123.0000
Update: 492 | Average Return: 13.5000 | Average Episode Length: 131.0000
Update: 493 | Average Return: 12.3800 | Average Episode Length: 86.0000
Update: 494 | Average Return: 13.9400 | Average Episode Length: 131.0000
Update: 495 | Average Return: 18.5100 | Average Episode Length: 200.0000
Update: 496 | Average Return: 12.6400 | Average Episode Length: 86.0000
Update: 497 | Average Return: 16.5400 | Average Episode Length: 168.0000
Update: 498 | Average Return: 15.7200 | Average Episode Length: 206.0000
Update: 499 | Average Return: 14.9100 | Average Episode Length: 208.0000
Update: 500 | Average Return: 14.7500 | Average Episode Length: 131.0000
Update: 501 | Average Return: 14.2900 | Average Episode Length: 165.0000
Update: 502 | Average Return: 12.8500 | Average Episode Length: 95.0000
Update: 503 | Average Return: 16.5200 | Average Episode Length: 276.0000
Update: 504 | Average Return: 13.8600 | Average Episode Length: 86.0000
Update: 505 | Average Return: 15.8400 | Average Episode Length: 59.0000
Update: 506 | Average Return: 11.8600 | Average Episode Length: 165.0000
Update: 507 | Average Return: 14.4700 | Average Episode Length: 86.0000
Update: 508 | Average Return: 12.1800 | Average Episode Length: 91.0000
Update: 509 | Average Return: 12.8400 | Average Episode Length: 130.0000
Update: 510 | Average Return: 15.3100 | Average Episode Length: 242.0000
Update: 511 | Average Return: 18.0700 | Average Episode Length: 93.0000
Update: 512 | Average Return: 12.6300 | Average Episode Length: 168.0000
Update: 513 | Average Return: 11.1400 | Average Episode Length: 89.0000
Update: 514 | Average Return: 15.2500 | Average Episode Length: 125.0000
Update: 515 | Average Return: 12.7800 | Average Episode Length: 86.0000
Update: 516 | Average Return: 12.5000 | Average Episode Length: 168.0000
Update: 517 | Average Return: 14.2100 | Average Episode Length: 91.0000
Update: 518 | Average Return: 19.2200 | Average Episode Length: 132.0000
Update: 519 | Average Return: 16.4200 | Average Episode Length: 170.0000
Update: 520 | Average Return: 15.3000 | Average Episode Length: 165.0000
Update: 521 | Average Return: 20.4200 | Average Episode Length: 205.0000
Update: 522 | Average Return: 14.5000 | Average Episode Length: 199.0000
Update: 523 | Average Return: 11.7600 | Average Episode Length: 126.0000
Update: 524 | Average Return: 10.9600 | Average Episode Length: 130.0000
Update: 525 | Average Return: 16.1400 | Average Episode Length: 204.0000
Update: 526 | Average Return: 11.9800 | Average Episode Length: 86.0000
Update: 527 | Average Return: 12.7100 | Average Episode Length: 131.0000
Update: 528 | Average Return: 15.9100 | Average Episode Length: 313.0000
Update: 529 | Average Return: 11.0200 | Average Episode Length: 91.0000
Update: 530 | Average Return: 14.3000 | Average Episode Length: 127.0000
Update: 531 | Average Return: 16.0400 | Average Episode Length: 86.0000
Update: 532 | Average Return: 13.8700 | Average Episode Length: 86.0000
Update: 533 | Average Return: 14.9900 | Average Episode Length: 94.0000
Update: 534 | Average Return: 9.4300 | Average Episode Length: 86.0000
Update: 535 | Average Return: 13.4600 | Average Episode Length: 277.0000
Update: 536 | Average Return: 14.2500 | Average Episode Length: 204.0000
Update: 537 | Average Return: 15.2000 | Average Episode Length: 276.0000
Update: 538 | Average Return: 11.7400 | Average Episode Length: 131.0000
Update: 539 | Average Return: 15.6600 | Average Episode Length: 89.0000
Update: 540 | Average Return: 14.8600 | Average Episode Length: 169.0000
Update: 541 | Average Return: 14.3800 | Average Episode Length: 129.0000
Update: 542 | Average Return: 16.3100 | Average Episode Length: 238.0000
Update: 543 | Average Return: 14.1700 | Average Episode Length: 86.0000
Update: 544 | Average Return: 11.1300 | Average Episode Length: 130.0000
Update: 545 | Average Return: 15.4100 | Average Episode Length: 179.0000
Update: 546 | Average Return: 14.3000 | Average Episode Length: 204.0000
Update: 547 | Average Return: 17.1600 | Average Episode Length: 129.0000
Update: 548 | Average Return: 14.7800 | Average Episode Length: 235.0000
Update: 549 | Average Return: 13.7900 | Average Episode Length: 202.0000
Update: 550 | Average Return: 13.0500 | Average Episode Length: 59.0000
Update: 551 | Average Return: 17.6400 | Average Episode Length: 202.0000
Update: 552 | Average Return: 18.5100 | Average Episode Length: 59.0000
Update: 553 | Average Return: 12.4700 | Average Episode Length: 59.0000
Update: 554 | Average Return: 11.4600 | Average Episode Length: 86.0000
Update: 555 | Average Return: 17.8700 | Average Episode Length: 163.0000
Update: 556 | Average Return: 12.7900 | Average Episode Length: 86.0000
Update: 557 | Average Return: 12.7900 | Average Episode Length: 199.0000
Update: 558 | Average Return: 16.1100 | Average Episode Length: 131.0000
Update: 559 | Average Return: 15.0100 | Average Episode Length: 206.0000
Update: 560 | Average Return: 12.3000 | Average Episode Length: 90.0000
Update: 561 | Average Return: 13.0500 | Average Episode Length: 169.0000
Update: 562 | Average Return: 15.5900 | Average Episode Length: 86.0000
Update: 563 | Average Return: 16.9900 | Average Episode Length: 89.0000
Update: 564 | Average Return: 9.7000 | Average Episode Length: 86.0000
Update: 565 | Average Return: 14.1500 | Average Episode Length: 87.0000
Update: 566 | Average Return: 14.6000 | Average Episode Length: 86.0000
Update: 567 | Average Return: 14.8400 | Average Episode Length: 166.0000
Update: 568 | Average Return: 15.6300 | Average Episode Length: 199.0000
Update: 569 | Average Return: 13.9500 | Average Episode Length: 126.0000
Update: 570 | Average Return: 14.8600 | Average Episode Length: 92.0000
Update: 571 | Average Return: 15.8500 | Average Episode Length: 165.0000
Update: 572 | Average Return: 13.9400 | Average Episode Length: 65.0000
Update: 573 | Average Return: 18.6300 | Average Episode Length: 208.0000
Update: 574 | Average Return: 16.7500 | Average Episode Length: 128.0000
Update: 575 | Average Return: 10.2600 | Average Episode Length: 163.0000
Update: 576 | Average Return: 12.3300 | Average Episode Length: 240.0000
Update: 577 | Average Return: 15.8200 | Average Episode Length: 202.0000
Update: 578 | Average Return: 15.1600 | Average Episode Length: 165.0000
Update: 579 | Average Return: 14.7100 | Average Episode Length: 240.0000
Update: 580 | Average Return: 12.2600 | Average Episode Length: 90.0000
Update: 581 | Average Return: 18.4400 | Average Episode Length: 314.0000
Update: 582 | Average Return: 13.5900 | Average Episode Length: 94.0000
Update: 583 | Average Return: 13.8400 | Average Episode Length: 245.0000
Update: 584 | Average Return: 15.1400 | Average Episode Length: 130.0000
Update: 585 | Average Return: 11.0900 | Average Episode Length: 86.0000
Update: 586 | Average Return: 15.4500 | Average Episode Length: 126.0000
Update: 587 | Average Return: 11.5900 | Average Episode Length: 86.0000
Update: 588 | Average Return: 13.3600 | Average Episode Length: 199.0000
Update: 589 | Average Return: 15.0200 | Average Episode Length: 242.0000
Update: 590 | Average Return: 9.9500 | Average Episode Length: 91.0000
Update: 591 | Average Return: 10.7100 | Average Episode Length: 91.0000
Update: 592 | Average Return: 16.4500 | Average Episode Length: 59.0000
Update: 593 | Average Return: 10.9900 | Average Episode Length: 165.0000
Update: 594 | Average Return: 12.6200 | Average Episode Length: 59.0000
Update: 595 | Average Return: 11.9800 | Average Episode Length: 86.0000
Update: 596 | Average Return: 11.6100 | Average Episode Length: 86.0000
Update: 597 | Average Return: 17.1300 | Average Episode Length: 202.0000
Update: 598 | Average Return: 15.8000 | Average Episode Length: 201.0000
Update: 599 | Average Return: 13.3300 | Average Episode Length: 91.0000
Update: 600 | Average Return: 16.0100 | Average Episode Length: 86.0000
Update: 601 | Average Return: 14.4300 | Average Episode Length: 95.0000
Update: 602 | Average Return: 10.5500 | Average Episode Length: 86.0000
Update: 603 | Average Return: 13.7600 | Average Episode Length: 86.0000
Update: 604 | Average Return: 14.4300 | Average Episode Length: 163.0000
Update: 605 | Average Return: 13.3800 | Average Episode Length: 86.0000
Update: 606 | Average Return: 14.3000 | Average Episode Length: 163.0000
Update: 607 | Average Return: 12.6000 | Average Episode Length: 202.0000
Update: 608 | Average Return: 13.8600 | Average Episode Length: 201.0000
Update: 609 | Average Return: 14.3800 | Average Episode Length: 168.0000
Update: 610 | Average Return: 10.8600 | Average Episode Length: 123.0000
Update: 611 | Average Return: 12.8800 | Average Episode Length: 126.0000
Update: 612 | Average Return: 16.9700 | Average Episode Length: 86.0000
Update: 613 | Average Return: 12.2100 | Average Episode Length: 276.0000
Update: 614 | Average Return: 15.3500 | Average Episode Length: 91.0000
Update: 615 | Average Return: 12.6100 | Average Episode Length: 276.0000
Update: 616 | Average Return: 12.1200 | Average Episode Length: 90.0000
Update: 617 | Average Return: 10.6300 | Average Episode Length: 169.0000
Update: 618 | Average Return: 16.6600 | Average Episode Length: 312.0000
Update: 619 | Average Return: 13.3700 | Average Episode Length: 123.0000
Update: 620 | Average Return: 9.9900 | Average Episode Length: 86.0000
Update: 621 | Average Return: 18.3300 | Average Episode Length: 237.0000
Update: 622 | Average Return: 12.8600 | Average Episode Length: 203.0000
Update: 623 | Average Return: 17.3000 | Average Episode Length: 134.0000
Update: 624 | Average Return: 17.0000 | Average Episode Length: 86.0000
Update: 625 | Average Return: 14.9200 | Average Episode Length: 59.0000
Update: 626 | Average Return: 13.8900 | Average Episode Length: 86.0000
Update: 627 | Average Return: 13.1400 | Average Episode Length: 86.0000
Update: 628 | Average Return: 15.1800 | Average Episode Length: 86.0000
Update: 629 | Average Return: 14.8600 | Average Episode Length: 86.0000
Update: 630 | Average Return: 15.3200 | Average Episode Length: 86.0000
Update: 631 | Average Return: 11.9100 | Average Episode Length: 91.0000
Update: 632 | Average Return: 15.9500 | Average Episode Length: 163.0000
Update: 633 | Average Return: 12.4400 | Average Episode Length: 123.0000
Update: 634 | Average Return: 11.6900 | Average Episode Length: 91.0000
Update: 635 | Average Return: 13.2000 | Average Episode Length: 207.0000
Update: 636 | Average Return: 17.2500 | Average Episode Length: 95.0000
Update: 637 | Average Return: 14.8900 | Average Episode Length: 129.0000
Update: 638 | Average Return: 12.8600 | Average Episode Length: 163.0000
Update: 639 | Average Return: 14.3600 | Average Episode Length: 59.0000
Update: 640 | Average Return: 12.3700 | Average Episode Length: 126.0000
Update: 641 | Average Return: 11.4200 | Average Episode Length: 89.0000
Update: 642 | Average Return: 11.5000 | Average Episode Length: 92.0000
Update: 643 | Average Return: 14.7600 | Average Episode Length: 127.0000
Update: 644 | Average Return: 11.7900 | Average Episode Length: 199.0000
Update: 645 | Average Return: 15.8100 | Average Episode Length: 86.0000
Update: 646 | Average Return: 15.6800 | Average Episode Length: 314.0000
Update: 647 | Average Return: 19.1400 | Average Episode Length: 284.0000
Update: 648 | Average Return: 14.6800 | Average Episode Length: 238.0000
Update: 649 | Average Return: 14.2600 | Average Episode Length: 86.0000
Update: 650 | Average Return: 10.4900 | Average Episode Length: 86.0000
Update: 651 | Average Return: 13.9900 | Average Episode Length: 164.0000
Update: 652 | Average Return: 13.8400 | Average Episode Length: 169.0000
Update: 653 | Average Return: 14.7900 | Average Episode Length: 86.0000
Update: 654 | Average Return: 12.1300 | Average Episode Length: 129.0000
Update: 655 | Average Return: 16.4600 | Average Episode Length: 163.0000
Update: 656 | Average Return: 15.8300 | Average Episode Length: 90.0000
Update: 657 | Average Return: 12.5900 | Average Episode Length: 88.0000
Update: 658 | Average Return: 13.5200 | Average Episode Length: 95.0000
Update: 659 | Average Return: 15.7100 | Average Episode Length: 87.0000
Update: 660 | Average Return: 11.6300 | Average Episode Length: 130.0000
Update: 661 | Average Return: 12.8700 | Average Episode Length: 127.0000
Update: 662 | Average Return: 13.4200 | Average Episode Length: 200.0000
Update: 663 | Average Return: 10.6000 | Average Episode Length: 86.0000
Update: 664 | Average Return: 13.3200 | Average Episode Length: 86.0000
Update: 665 | Average Return: 18.8900 | Average Episode Length: 128.0000
Update: 666 | Average Return: 15.2200 | Average Episode Length: 86.0000
Update: 667 | Average Return: 17.4300 | Average Episode Length: 123.0000
Update: 668 | Average Return: 11.4400 | Average Episode Length: 86.0000
Update: 669 | Average Return: 15.2400 | Average Episode Length: 89.0000
Update: 670 | Average Return: 21.1200 | Average Episode Length: 398.0000
Update: 671 | Average Return: 11.7300 | Average Episode Length: 165.0000
Update: 672 | Average Return: 15.8500 | Average Episode Length: 166.0000
Update: 673 | Average Return: 14.4100 | Average Episode Length: 163.0000
Update: 674 | Average Return: 13.1800 | Average Episode Length: 86.0000
Update: 675 | Average Return: 15.8300 | Average Episode Length: 65.0000
Update: 676 | Average Return: 10.8500 | Average Episode Length: 163.0000
Update: 677 | Average Return: 17.4300 | Average Episode Length: 59.0000
Update: 678 | Average Return: 10.2900 | Average Episode Length: 123.0000
Update: 679 | Average Return: 9.9700 | Average Episode Length: 90.0000
Update: 680 | Average Return: 15.7600 | Average Episode Length: 169.0000
Update: 681 | Average Return: 12.3700 | Average Episode Length: 131.0000
Update: 682 | Average Return: 14.9700 | Average Episode Length: 122.0000
Update: 683 | Average Return: 13.7400 | Average Episode Length: 199.0000
Update: 684 | Average Return: 20.8600 | Average Episode Length: 163.0000
Update: 685 | Average Return: 11.2700 | Average Episode Length: 65.0000
Update: 686 | Average Return: 14.7900 | Average Episode Length: 86.0000
Update: 687 | Average Return: 15.3000 | Average Episode Length: 124.0000
Update: 688 | Average Return: 10.7300 | Average Episode Length: 129.0000
Update: 689 | Average Return: 14.8800 | Average Episode Length: 164.0000
Update: 690 | Average Return: 12.6500 | Average Episode Length: 170.0000
Update: 691 | Average Return: 12.0800 | Average Episode Length: 167.0000
Update: 692 | Average Return: 12.2400 | Average Episode Length: 132.0000
Update: 693 | Average Return: 15.0300 | Average Episode Length: 65.0000
Update: 694 | Average Return: 13.3700 | Average Episode Length: 92.0000
Update: 695 | Average Return: 14.4700 | Average Episode Length: 241.0000
Update: 696 | Average Return: 12.0500 | Average Episode Length: 132.0000
Update: 697 | Average Return: 13.8800 | Average Episode Length: 123.0000
Update: 698 | Average Return: 10.7000 | Average Episode Length: 59.0000
Update: 699 | Average Return: 10.5800 | Average Episode Length: 203.0000
Update: 700 | Average Return: 12.6900 | Average Episode Length: 165.0000
Update: 701 | Average Return: 13.9200 | Average Episode Length: 167.0000
Update: 702 | Average Return: 13.5100 | Average Episode Length: 86.0000
Update: 703 | Average Return: 13.8400 | Average Episode Length: 126.0000
Update: 704 | Average Return: 10.4700 | Average Episode Length: 92.0000
Update: 705 | Average Return: 14.3400 | Average Episode Length: 165.0000
Update: 706 | Average Return: 13.0300 | Average Episode Length: 86.0000
Update: 707 | Average Return: 19.8700 | Average Episode Length: 168.0000
Update: 708 | Average Return: 17.5800 | Average Episode Length: 86.0000
Update: 709 | Average Return: 11.5900 | Average Episode Length: 123.0000
Update: 710 | Average Return: 14.7700 | Average Episode Length: 166.0000
Update: 711 | Average Return: 17.6700 | Average Episode Length: 167.0000
Update: 712 | Average Return: 13.9500 | Average Episode Length: 86.0000
Update: 713 | Average Return: 16.8100 | Average Episode Length: 200.0000
Update: 714 | Average Return: 13.8200 | Average Episode Length: 130.0000
Update: 715 | Average Return: 13.3000 | Average Episode Length: 86.0000
Update: 716 | Average Return: 13.9300 | Average Episode Length: 129.0000
Update: 717 | Average Return: 12.5600 | Average Episode Length: 276.0000
Update: 718 | Average Return: 13.0100 | Average Episode Length: 91.0000
Update: 719 | Average Return: 15.7800 | Average Episode Length: 167.0000
Update: 720 | Average Return: 14.5400 | Average Episode Length: 89.0000
Update: 721 | Average Return: 16.2500 | Average Episode Length: 163.0000
Update: 722 | Average Return: 12.9300 | Average Episode Length: 86.0000
Update: 723 | Average Return: 9.9000 | Average Episode Length: 89.0000
Update: 724 | Average Return: 16.7500 | Average Episode Length: 124.0000
Update: 725 | Average Return: 13.5900 | Average Episode Length: 92.0000
Update: 726 | Average Return: 18.9500 | Average Episode Length: 124.0000
Update: 727 | Average Return: 14.4500 | Average Episode Length: 124.0000
Update: 728 | Average Return: 11.1900 | Average Episode Length: 86.0000
Update: 729 | Average Return: 16.8000 | Average Episode Length: 90.0000
Update: 730 | Average Return: 13.1800 | Average Episode Length: 123.0000
Update: 731 | Average Return: 12.2900 | Average Episode Length: 125.0000
Update: 732 | Average Return: 13.6000 | Average Episode Length: 86.0000
Update: 733 | Average Return: 12.3100 | Average Episode Length: 86.0000
Update: 734 | Average Return: 13.9200 | Average Episode Length: 203.0000
Update: 735 | Average Return: 14.3300 | Average Episode Length: 65.0000
Update: 736 | Average Return: 12.9600 | Average Episode Length: 166.0000
Update: 737 | Average Return: 14.1600 | Average Episode Length: 206.0000
Update: 738 | Average Return: 13.3100 | Average Episode Length: 165.0000
Update: 739 | Average Return: 17.8800 | Average Episode Length: 122.0000
Update: 740 | Average Return: 12.4600 | Average Episode Length: 164.0000
Update: 741 | Average Return: 16.6100 | Average Episode Length: 282.0000
Update: 742 | Average Return: 14.9500 | Average Episode Length: 202.0000
Update: 743 | Average Return: 14.9700 | Average Episode Length: 283.0000
Update: 744 | Average Return: 14.9600 | Average Episode Length: 86.0000
Update: 745 | Average Return: 17.1400 | Average Episode Length: 124.0000
Update: 746 | Average Return: 15.8100 | Average Episode Length: 127.0000
Update: 747 | Average Return: 14.3600 | Average Episode Length: 200.0000
Update: 748 | Average Return: 12.0200 | Average Episode Length: 168.0000
Update: 749 | Average Return: 13.8900 | Average Episode Length: 169.0000
Update: 750 | Average Return: 17.1800 | Average Episode Length: 206.0000
Update: 751 | Average Return: 12.5700 | Average Episode Length: 131.0000
Update: 752 | Average Return: 19.7100 | Average Episode Length: 91.0000
Update: 753 | Average Return: 12.5000 | Average Episode Length: 163.0000
Update: 754 | Average Return: 12.5300 | Average Episode Length: 86.0000
Update: 755 | Average Return: 13.6700 | Average Episode Length: 65.0000
Update: 756 | Average Return: 12.5900 | Average Episode Length: 206.0000
Update: 757 | Average Return: 14.4300 | Average Episode Length: 165.0000
Update: 758 | Average Return: 13.0000 | Average Episode Length: 95.0000
Update: 759 | Average Return: 15.7300 | Average Episode Length: 123.0000
Update: 760 | Average Return: 18.4000 | Average Episode Length: 128.0000
Update: 761 | Average Return: 18.1200 | Average Episode Length: 127.0000
Update: 762 | Average Return: 10.6600 | Average Episode Length: 90.0000
Update: 763 | Average Return: 14.4500 | Average Episode Length: 203.0000
Update: 764 | Average Return: 16.0300 | Average Episode Length: 129.0000
Update: 765 | Average Return: 15.8900 | Average Episode Length: 125.0000
Update: 766 | Average Return: 13.7400 | Average Episode Length: 87.0000
Update: 767 | Average Return: 12.6100 | Average Episode Length: 183.0000
Update: 768 | Average Return: 14.0200 | Average Episode Length: 166.0000
Update: 769 | Average Return: 17.7300 | Average Episode Length: 168.0000
Update: 770 | Average Return: 16.2800 | Average Episode Length: 183.0000
Update: 771 | Average Return: 14.4200 | Average Episode Length: 95.0000
Update: 772 | Average Return: 14.5200 | Average Episode Length: 133.0000
Update: 773 | Average Return: 13.5000 | Average Episode Length: 90.0000
Update: 774 | Average Return: 15.5100 | Average Episode Length: 199.0000
Update: 775 | Average Return: 14.4100 | Average Episode Length: 199.0000
Update: 776 | Average Return: 11.2500 | Average Episode Length: 87.0000
Update: 777 | Average Return: 13.1500 | Average Episode Length: 182.0000
Update: 778 | Average Return: 16.2600 | Average Episode Length: 203.0000
Update: 779 | Average Return: 9.7200 | Average Episode Length: 86.0000
Update: 780 | Average Return: 9.8400 | Average Episode Length: 135.0000
Update: 781 | Average Return: 11.4200 | Average Episode Length: 86.0000
Update: 782 | Average Return: 13.5200 | Average Episode Length: 163.0000
Update: 783 | Average Return: 20.9600 | Average Episode Length: 124.0000
Update: 784 | Average Return: 18.2300 | Average Episode Length: 96.0000
Update: 785 | Average Return: 15.7100 | Average Episode Length: 95.0000
Update: 786 | Average Return: 17.5900 | Average Episode Length: 279.0000
Update: 787 | Average Return: 12.3500 | Average Episode Length: 123.0000
Update: 788 | Average Return: 15.2800 | Average Episode Length: 170.0000
Update: 789 | Average Return: 17.7000 | Average Episode Length: 89.0000
Update: 790 | Average Return: 15.2700 | Average Episode Length: 86.0000
Update: 791 | Average Return: 19.8700 | Average Episode Length: 86.0000
Update: 792 | Average Return: 11.5600 | Average Episode Length: 170.0000
Update: 793 | Average Return: 13.8500 | Average Episode Length: 95.0000
Update: 794 | Average Return: 16.2500 | Average Episode Length: 238.0000
Update: 795 | Average Return: 17.5200 | Average Episode Length: 123.0000
Update: 796 | Average Return: 14.3400 | Average Episode Length: 89.0000
Update: 797 | Average Return: 10.7700 | Average Episode Length: 163.0000
Update: 798 | Average Return: 20.7500 | Average Episode Length: 132.0000
Update: 799 | Average Return: 16.7200 | Average Episode Length: 167.0000
Update: 800 | Average Return: 15.4600 | Average Episode Length: 86.0000
Update: 801 | Average Return: 12.6300 | Average Episode Length: 131.0000
Update: 802 | Average Return: 17.3900 | Average Episode Length: 235.0000
Update: 803 | Average Return: 16.7400 | Average Episode Length: 86.0000
Update: 804 | Average Return: 20.9400 | Average Episode Length: 276.0000
Update: 805 | Average Return: 13.0800 | Average Episode Length: 132.0000
Update: 806 | Average Return: 18.9200 | Average Episode Length: 393.0000
Update: 807 | Average Return: 11.4900 | Average Episode Length: 122.0000
Update: 808 | Average Return: 15.5200 | Average Episode Length: 126.0000
Update: 809 | Average Return: 11.8500 | Average Episode Length: 90.0000
Update: 810 | Average Return: 14.4700 | Average Episode Length: 133.0000
Update: 811 | Average Return: 16.7600 | Average Episode Length: 127.0000
Update: 812 | Average Return: 13.8500 | Average Episode Length: 86.0000
Update: 813 | Average Return: 13.4600 | Average Episode Length: 92.0000
Update: 814 | Average Return: 13.8700 | Average Episode Length: 88.0000
Update: 815 | Average Return: 14.8600 | Average Episode Length: 170.0000
Update: 816 | Average Return: 12.8100 | Average Episode Length: 86.0000
Update: 817 | Average Return: 12.7600 | Average Episode Length: 163.0000
Update: 818 | Average Return: 16.1800 | Average Episode Length: 389.0000
Update: 819 | Average Return: 18.7500 | Average Episode Length: 236.0000
Update: 820 | Average Return: 15.6900 | Average Episode Length: 315.0000
Update: 821 | Average Return: 13.4200 | Average Episode Length: 86.0000
Update: 822 | Average Return: 14.7400 | Average Episode Length: 130.0000
Update: 823 | Average Return: 14.7000 | Average Episode Length: 89.0000
Update: 824 | Average Return: 17.4900 | Average Episode Length: 86.0000
Update: 825 | Average Return: 12.8100 | Average Episode Length: 90.0000
Update: 826 | Average Return: 18.0900 | Average Episode Length: 203.0000
Update: 827 | Average Return: 11.9200 | Average Episode Length: 201.0000
Update: 828 | Average Return: 12.7400 | Average Episode Length: 126.0000
Update: 829 | Average Return: 13.0300 | Average Episode Length: 95.0000
Update: 830 | Average Return: 13.3000 | Average Episode Length: 276.0000
Update: 831 | Average Return: 15.2100 | Average Episode Length: 124.0000
Update: 832 | Average Return: 18.7300 | Average Episode Length: 122.0000
Update: 833 | Average Return: 14.4900 | Average Episode Length: 199.0000
Update: 834 | Average Return: 16.3700 | Average Episode Length: 166.0000
Update: 835 | Average Return: 17.1600 | Average Episode Length: 86.0000
Update: 836 | Average Return: 15.3300 | Average Episode Length: 134.0000
Update: 837 | Average Return: 14.3600 | Average Episode Length: 131.0000
Update: 838 | Average Return: 15.6400 | Average Episode Length: 86.0000
Update: 839 | Average Return: 14.3500 | Average Episode Length: 165.0000
Update: 840 | Average Return: 16.6100 | Average Episode Length: 207.0000
Update: 841 | Average Return: 16.2000 | Average Episode Length: 93.0000
Update: 842 | Average Return: 14.9900 | Average Episode Length: 86.0000
Update: 843 | Average Return: 17.9900 | Average Episode Length: 86.0000
Update: 844 | Average Return: 15.2400 | Average Episode Length: 203.0000
Update: 845 | Average Return: 19.9000 | Average Episode Length: 205.0000
Update: 846 | Average Return: 14.2500 | Average Episode Length: 86.0000
Update: 847 | Average Return: 14.5400 | Average Episode Length: 86.0000
Update: 848 | Average Return: 16.1300 | Average Episode Length: 89.0000
Update: 849 | Average Return: 17.5700 | Average Episode Length: 164.0000
Update: 850 | Average Return: 16.6200 | Average Episode Length: 314.0000
Update: 851 | Average Return: 19.3400 | Average Episode Length: 91.0000
Update: 852 | Average Return: 13.2500 | Average Episode Length: 165.0000
Update: 853 | Average Return: 11.4400 | Average Episode Length: 86.0000
Update: 854 | Average Return: 16.8500 | Average Episode Length: 86.0000
Update: 855 | Average Return: 19.8900 | Average Episode Length: 166.0000
Update: 856 | Average Return: 10.6700 | Average Episode Length: 95.0000
Update: 857 | Average Return: 18.9800 | Average Episode Length: 318.0000
Update: 858 | Average Return: 21.7500 | Average Episode Length: 122.0000
Update: 859 | Average Return: 19.9100 | Average Episode Length: 86.0000
Update: 860 | Average Return: 13.2000 | Average Episode Length: 123.0000
Update: 861 | Average Return: 18.6700 | Average Episode Length: 205.0000
Update: 862 | Average Return: 17.5000 | Average Episode Length: 425.0000
Update: 863 | Average Return: 17.2200 | Average Episode Length: 90.0000
Update: 864 | Average Return: 20.3200 | Average Episode Length: 244.0000
Update: 865 | Average Return: 15.9200 | Average Episode Length: 240.0000
Update: 866 | Average Return: 17.1600 | Average Episode Length: 89.0000
Update: 867 | Average Return: 15.2300 | Average Episode Length: 106.0000
Update: 868 | Average Return: 13.9400 | Average Episode Length: 94.0000
Update: 869 | Average Return: 17.7500 | Average Episode Length: 182.0000
Update: 870 | Average Return: 14.7300 | Average Episode Length: 203.0000
Update: 871 | Average Return: 18.0000 | Average Episode Length: 92.0000
Update: 872 | Average Return: 14.1700 | Average Episode Length: 88.0000
Update: 873 | Average Return: 10.9800 | Average Episode Length: 86.0000
Update: 874 | Average Return: 22.2300 | Average Episode Length: 125.0000
Update: 875 | Average Return: 12.8500 | Average Episode Length: 86.0000
Update: 876 | Average Return: 15.7500 | Average Episode Length: 245.0000
Update: 877 | Average Return: 15.7300 | Average Episode Length: 237.0000
Update: 878 | Average Return: 17.2500 | Average Episode Length: 169.0000
Update: 879 | Average Return: 17.5800 | Average Episode Length: 86.0000
Update: 880 | Average Return: 18.6500 | Average Episode Length: 164.0000
Update: 881 | Average Return: 18.9300 | Average Episode Length: 167.0000
Update: 882 | Average Return: 21.4300 | Average Episode Length: 352.0000
Update: 883 | Average Return: 18.0200 | Average Episode Length: 95.0000
Update: 884 | Average Return: 18.4800 | Average Episode Length: 389.0000
Update: 885 | Average Return: 14.6900 | Average Episode Length: 86.0000
Update: 886 | Average Return: 15.2300 | Average Episode Length: 207.0000
Update: 887 | Average Return: 13.9300 | Average Episode Length: 164.0000
Update: 888 | Average Return: 15.6500 | Average Episode Length: 91.0000
Update: 889 | Average Return: 15.2400 | Average Episode Length: 204.0000
Update: 890 | Average Return: 17.1600 | Average Episode Length: 92.0000
Update: 891 | Average Return: 16.9700 | Average Episode Length: 123.0000
Update: 892 | Average Return: 16.9200 | Average Episode Length: 199.0000
Update: 893 | Average Return: 13.2600 | Average Episode Length: 86.0000
Update: 894 | Average Return: 12.2800 | Average Episode Length: 86.0000
Update: 895 | Average Return: 14.5400 | Average Episode Length: 106.0000
Update: 896 | Average Return: 13.4600 | Average Episode Length: 86.0000
Update: 897 | Average Return: 14.4800 | Average Episode Length: 167.0000
Update: 898 | Average Return: 17.3700 | Average Episode Length: 86.0000
Update: 899 | Average Return: 16.1200 | Average Episode Length: 165.0000
Update: 900 | Average Return: 17.6400 | Average Episode Length: 131.0000
Update: 901 | Average Return: 18.4800 | Average Episode Length: 166.0000
Update: 902 | Average Return: 17.2200 | Average Episode Length: 86.0000
Update: 903 | Average Return: 13.8900 | Average Episode Length: 87.0000
Update: 904 | Average Return: 19.8000 | Average Episode Length: 207.0000
Update: 905 | Average Return: 15.1200 | Average Episode Length: 199.0000
Update: 906 | Average Return: 15.0000 | Average Episode Length: 429.0000
Update: 907 | Average Return: 16.2000 | Average Episode Length: 276.0000
Update: 908 | Average Return: 14.6900 | Average Episode Length: 95.0000
Update: 909 | Average Return: 13.7100 | Average Episode Length: 90.0000
Update: 910 | Average Return: 14.6600 | Average Episode Length: 89.0000
Update: 911 | Average Return: 16.6500 | Average Episode Length: 86.0000
Update: 912 | Average Return: 15.6900 | Average Episode Length: 169.0000
Update: 913 | Average Return: 23.7800 | Average Episode Length: 122.0000
Update: 914 | Average Return: 14.2300 | Average Episode Length: 93.0000
Update: 915 | Average Return: 14.6500 | Average Episode Length: 201.0000
Update: 916 | Average Return: 12.8500 | Average Episode Length: 164.0000
Update: 917 | Average Return: 18.0100 | Average Episode Length: 173.0000
Update: 918 | Average Return: 15.2400 | Average Episode Length: 124.0000
Update: 919 | Average Return: 22.7100 | Average Episode Length: 207.0000
Update: 920 | Average Return: 20.4500 | Average Episode Length: 86.0000
Update: 921 | Average Return: 18.1800 | Average Episode Length: 203.0000
Update: 922 | Average Return: 13.5900 | Average Episode Length: 86.0000
Update: 923 | Average Return: 17.9300 | Average Episode Length: 199.0000
Update: 924 | Average Return: 17.9200 | Average Episode Length: 123.0000
Update: 925 | Average Return: 12.0100 | Average Episode Length: 96.0000
Update: 926 | Average Return: 14.2900 | Average Episode Length: 86.0000
Update: 927 | Average Return: 17.8700 | Average Episode Length: 86.0000
Update: 928 | Average Return: 14.3500 | Average Episode Length: 167.0000
Update: 929 | Average Return: 12.9300 | Average Episode Length: 239.0000
Update: 930 | Average Return: 19.5700 | Average Episode Length: 86.0000
Update: 931 | Average Return: 19.0100 | Average Episode Length: 206.0000
Update: 932 | Average Return: 18.4700 | Average Episode Length: 167.0000
Update: 933 | Average Return: 16.6300 | Average Episode Length: 86.0000
Update: 934 | Average Return: 16.6900 | Average Episode Length: 86.0000
Update: 935 | Average Return: 12.0400 | Average Episode Length: 93.0000
Update: 936 | Average Return: 15.1400 | Average Episode Length: 199.0000
Update: 937 | Average Return: 13.7700 | Average Episode Length: 96.0000
Update: 938 | Average Return: 9.1600 | Average Episode Length: 86.0000
Update: 939 | Average Return: 13.7800 | Average Episode Length: 123.0000
Update: 940 | Average Return: 16.4400 | Average Episode Length: 87.0000
Update: 941 | Average Return: 13.1500 | Average Episode Length: 96.0000
Update: 942 | Average Return: 11.4700 | Average Episode Length: 90.0000
Update: 943 | Average Return: 18.9700 | Average Episode Length: 199.0000
Update: 944 | Average Return: 16.6800 | Average Episode Length: 208.0000
Update: 945 | Average Return: 19.9300 | Average Episode Length: 163.0000
Update: 946 | Average Return: 17.2400 | Average Episode Length: 199.0000
Update: 947 | Average Return: 25.2400 | Average Episode Length: 398.0000
Update: 948 | Average Return: 16.5600 | Average Episode Length: 183.0000
Update: 949 | Average Return: 16.5000 | Average Episode Length: 165.0000
Update: 950 | Average Return: 14.0600 | Average Episode Length: 207.0000
Update: 951 | Average Return: 20.4800 | Average Episode Length: 240.0000
Update: 952 | Average Return: 19.6000 | Average Episode Length: 106.0000
Update: 953 | Average Return: 16.0700 | Average Episode Length: 245.0000
Update: 954 | Average Return: 25.4700 | Average Episode Length: 246.0000
Update: 955 | Average Return: 21.4700 | Average Episode Length: 278.0000
Update: 956 | Average Return: 18.4300 | Average Episode Length: 393.0000
Update: 957 | Average Return: 16.3000 | Average Episode Length: 124.0000
Update: 958 | Average Return: 16.7000 | Average Episode Length: 86.0000
Update: 959 | Average Return: 16.5000 | Average Episode Length: 428.0000
Update: 960 | Average Return: 16.0400 | Average Episode Length: 86.0000
Update: 961 | Average Return: 13.7100 | Average Episode Length: 128.0000
Update: 962 | Average Return: 12.9600 | Average Episode Length: 96.0000
Update: 963 | Average Return: 14.3300 | Average Episode Length: 237.0000
Update: 964 | Average Return: 18.4200 | Average Episode Length: 355.0000
Update: 965 | Average Return: 14.2100 | Average Episode Length: 86.0000
Update: 966 | Average Return: 16.9800 | Average Episode Length: 241.0000
Update: 967 | Average Return: 25.0600 | Average Episode Length: 199.0000
Update: 968 | Average Return: 15.6600 | Average Episode Length: 165.0000
Update: 969 | Average Return: 25.2700 | Average Episode Length: 95.0000
Update: 970 | Average Return: 24.0500 | Average Episode Length: 322.0000
Update: 971 | Average Return: 11.7900 | Average Episode Length: 124.0000
Update: 972 | Average Return: 23.3200 | Average Episode Length: 242.0000
Update: 973 | Average Return: 18.8700 | Average Episode Length: 123.0000
Update: 974 | Average Return: 19.4100 | Average Episode Length: 89.0000
Update: 975 | Average Return: 19.3000 | Average Episode Length: 122.0000
Update: 976 | Average Return: 13.2600 | Average Episode Length: 104.0000
Update: 977 | Average Return: 21.5800 | Average Episode Length: 86.0000
Update: 978 | Average Return: 17.0500 | Average Episode Length: 163.0000
Update: 979 | Average Return: 14.9700 | Average Episode Length: 86.0000
Update: 980 | Average Return: 18.4800 | Average Episode Length: 86.0000
Update: 981 | Average Return: 18.9200 | Average Episode Length: 199.0000
Update: 982 | Average Return: 12.6900 | Average Episode Length: 199.0000
Update: 983 | Average Return: 20.8300 | Average Episode Length: 201.0000
Update: 984 | Average Return: 13.8400 | Average Episode Length: 126.0000
Update: 985 | Average Return: 13.3300 | Average Episode Length: 86.0000
Update: 986 | Average Return: 17.4600 | Average Episode Length: 389.0000
Update: 987 | Average Return: 12.8800 | Average Episode Length: 128.0000
Update: 988 | Average Return: 21.3600 | Average Episode Length: 130.0000
Update: 989 | Average Return: 18.5100 | Average Episode Length: 206.0000
Update: 990 | Average Return: 17.9800 | Average Episode Length: 389.0000
Update: 991 | Average Return: 13.0500 | Average Episode Length: 89.0000
Update: 992 | Average Return: 17.5300 | Average Episode Length: 167.0000
Update: 993 | Average Return: 24.4700 | Average Episode Length: 95.0000
Update: 994 | Average Return: 21.4300 | Average Episode Length: 199.0000
Update: 995 | Average Return: 13.1300 | Average Episode Length: 241.0000
Update: 996 | Average Return: 14.7600 | Average Episode Length: 278.0000
Update: 997 | Average Return: 17.9100 | Average Episode Length: 90.0000
Update: 998 | Average Return: 18.0700 | Average Episode Length: 126.0000
Update: 999 | Average Return: 14.7800 | Average Episode Length: 247.0000
Update: 1000 | Average Return: 22.9400 | Average Episode Length: 322.0000
Update: 1001 | Average Return: 23.6400 | Average Episode Length: 90.0000
Update: 1002 | Average Return: 13.6200 | Average Episode Length: 86.0000
Update: 1003 | Average Return: 21.9100 | Average Episode Length: 236.0000
Update: 1004 | Average Return: 20.1800 | Average Episode Length: 246.0000
Update: 1005 | Average Return: 18.4100 | Average Episode Length: 86.0000
Update: 1006 | Average Return: 19.4100 | Average Episode Length: 431.0000
Update: 1007 | Average Return: 18.0300 | Average Episode Length: 124.0000
Update: 1008 | Average Return: 13.6100 | Average Episode Length: 168.0000
Update: 1009 | Average Return: 20.3600 | Average Episode Length: 208.0000
Update: 1010 | Average Return: 19.7500 | Average Episode Length: 124.0000
Update: 1011 | Average Return: 13.1900 | Average Episode Length: 142.0000
Update: 1012 | Average Return: 15.8000 | Average Episode Length: 97.0000
Update: 1013 | Average Return: 14.8100 | Average Episode Length: 86.0000
Update: 1014 | Average Return: 16.8400 | Average Episode Length: 93.0000
Update: 1015 | Average Return: 15.5600 | Average Episode Length: 163.0000
Update: 1016 | Average Return: 16.5600 | Average Episode Length: 86.0000
Update: 1017 | Average Return: 16.3600 | Average Episode Length: 90.0000
Update: 1018 | Average Return: 17.1900 | Average Episode Length: 86.0000
Update: 1019 | Average Return: 31.0000 | Average Episode Length: 843.0000
Update: 1020 | Average Return: 13.9800 | Average Episode Length: 86.0000
Update: 1021 | Average Return: 16.5700 | Average Episode Length: 129.0000
Update: 1022 | Average Return: 20.2900 | Average Episode Length: 125.0000
Update: 1023 | Average Return: 16.5800 | Average Episode Length: 87.0000
Update: 1024 | Average Return: 20.6200 | Average Episode Length: 200.0000
Update: 1025 | Average Return: 17.0000 | Average Episode Length: 163.0000
Update: 1026 | Average Return: 14.3300 | Average Episode Length: 86.0000
Update: 1027 | Average Return: 16.0200 | Average Episode Length: 92.0000
Update: 1028 | Average Return: 17.8100 | Average Episode Length: 122.0000
Update: 1029 | Average Return: 17.0800 | Average Episode Length: 95.0000
Update: 1030 | Average Return: 15.1100 | Average Episode Length: 86.0000
Update: 1031 | Average Return: 17.5000 | Average Episode Length: 127.0000
Update: 1032 | Average Return: 20.8400 | Average Episode Length: 632.0000
Update: 1033 | Average Return: 13.2800 | Average Episode Length: 122.0000
Update: 1034 | Average Return: 23.4600 | Average Episode Length: 201.0000
Update: 1035 | Average Return: 20.8500 | Average Episode Length: 312.0000
Update: 1036 | Average Return: 20.4600 | Average Episode Length: 86.0000
Update: 1037 | Average Return: 22.1100 | Average Episode Length: 203.0000
Update: 1038 | Average Return: 19.8500 | Average Episode Length: 236.0000
Update: 1039 | Average Return: 23.0200 | Average Episode Length: 209.0000
Update: 1040 | Average Return: 25.4300 | Average Episode Length: 204.0000
Update: 1041 | Average Return: 18.0700 | Average Episode Length: 235.0000
Update: 1042 | Average Return: 21.7400 | Average Episode Length: 122.0000
Update: 1043 | Average Return: 14.2300 | Average Episode Length: 168.0000
Update: 1044 | Average Return: 18.9700 | Average Episode Length: 277.0000
Update: 1045 | Average Return: 28.4000 | Average Episode Length: 545.0000
Update: 1046 | Average Return: 18.0200 | Average Episode Length: 131.0000
Update: 1047 | Average Return: 16.0700 | Average Episode Length: 131.0000
Update: 1048 | Average Return: 15.4400 | Average Episode Length: 87.0000
Update: 1049 | Average Return: 19.9200 | Average Episode Length: 322.0000
Update: 1050 | Average Return: 22.4900 | Average Episode Length: 92.0000
Update: 1051 | Average Return: 25.6100 | Average Episode Length: 92.0000
Update: 1052 | Average Return: 15.5100 | Average Episode Length: 163.0000
Update: 1053 | Average Return: 23.9900 | Average Episode Length: 391.0000
Update: 1054 | Average Return: 26.7900 | Average Episode Length: 169.0000
Update: 1055 | Average Return: 19.4900 | Average Episode Length: 86.0000
Update: 1056 | Average Return: 19.3000 | Average Episode Length: 182.0000
Update: 1057 | Average Return: 14.7100 | Average Episode Length: 86.0000
Update: 1058 | Average Return: 20.2000 | Average Episode Length: 86.0000
Update: 1059 | Average Return: 19.1100 | Average Episode Length: 86.0000
Update: 1060 | Average Return: 13.0900 | Average Episode Length: 122.0000
Update: 1061 | Average Return: 20.7100 | Average Episode Length: 106.0000
Update: 1062 | Average Return: 22.8800 | Average Episode Length: 435.0000
Update: 1063 | Average Return: 23.9400 | Average Episode Length: 171.0000
Update: 1064 | Average Return: 20.6900 | Average Episode Length: 122.0000
Update: 1065 | Average Return: 25.1200 | Average Episode Length: 201.0000
Update: 1066 | Average Return: 30.4200 | Average Episode Length: 319.0000
Update: 1067 | Average Return: 18.9800 | Average Episode Length: 90.0000
Update: 1068 | Average Return: 23.4800 | Average Episode Length: 294.0000
Update: 1069 | Average Return: 15.6300 | Average Episode Length: 207.0000
Update: 1070 | Average Return: 19.7100 | Average Episode Length: 199.0000
Update: 1071 | Average Return: 27.6100 | Average Episode Length: 471.0000
Update: 1072 | Average Return: 26.3700 | Average Episode Length: 351.0000
Update: 1073 | Average Return: 18.6500 | Average Episode Length: 92.0000
Update: 1074 | Average Return: 16.3600 | Average Episode Length: 199.0000
Update: 1075 | Average Return: 18.7800 | Average Episode Length: 202.0000
Update: 1076 | Average Return: 22.1700 | Average Episode Length: 92.0000
Update: 1077 | Average Return: 17.5100 | Average Episode Length: 86.0000
Update: 1078 | Average Return: 27.9400 | Average Episode Length: 92.0000
Update: 1079 | Average Return: 21.8000 | Average Episode Length: 314.0000
Update: 1080 | Average Return: 14.3700 | Average Episode Length: 165.0000
Update: 1081 | Average Return: 23.8000 | Average Episode Length: 130.0000
Update: 1082 | Average Return: 21.1100 | Average Episode Length: 356.0000
Update: 1083 | Average Return: 29.5600 | Average Episode Length: 276.0000
Update: 1084 | Average Return: 18.2600 | Average Episode Length: 208.0000
Update: 1085 | Average Return: 15.2500 | Average Episode Length: 237.0000
Update: 1086 | Average Return: 17.9700 | Average Episode Length: 126.0000
Update: 1087 | Average Return: 16.9600 | Average Episode Length: 124.0000
Update: 1088 | Average Return: 18.1400 | Average Episode Length: 86.0000
Update: 1089 | Average Return: 18.3800 | Average Episode Length: 163.0000
Update: 1090 | Average Return: 26.9100 | Average Episode Length: 426.0000
Update: 1091 | Average Return: 19.2100 | Average Episode Length: 199.0000
Update: 1092 | Average Return: 17.7500 | Average Episode Length: 125.0000
Update: 1093 | Average Return: 21.6100 | Average Episode Length: 201.0000
Update: 1094 | Average Return: 25.4500 | Average Episode Length: 351.0000
Update: 1095 | Average Return: 20.6200 | Average Episode Length: 317.0000
Update: 1096 | Average Return: 17.9800 | Average Episode Length: 86.0000
Update: 1097 | Average Return: 23.5300 | Average Episode Length: 87.0000
Update: 1098 | Average Return: 20.7100 | Average Episode Length: 133.0000
Update: 1099 | Average Return: 15.3700 | Average Episode Length: 208.0000
Update: 1100 | Average Return: 20.6300 | Average Episode Length: 92.0000
Update: 1101 | Average Return: 15.7000 | Average Episode Length: 130.0000
Update: 1102 | Average Return: 15.5400 | Average Episode Length: 199.0000
Update: 1103 | Average Return: 33.9300 | Average Episode Length: 199.0000
Update: 1104 | Average Return: 23.2200 | Average Episode Length: 86.0000
Update: 1105 | Average Return: 18.4600 | Average Episode Length: 163.0000
Update: 1106 | Average Return: 15.0400 | Average Episode Length: 312.0000
Update: 1107 | Average Return: 23.1900 | Average Episode Length: 199.0000
Update: 1108 | Average Return: 18.4900 | Average Episode Length: 399.0000
Update: 1109 | Average Return: 20.5300 | Average Episode Length: 280.0000
Update: 1110 | Average Return: 14.0200 | Average Episode Length: 88.0000
Update: 1111 | Average Return: 13.5200 | Average Episode Length: 123.0000
Update: 1112 | Average Return: 13.9900 | Average Episode Length: 133.0000
Update: 1113 | Average Return: 21.2500 | Average Episode Length: 86.0000
Update: 1114 | Average Return: 20.8000 | Average Episode Length: 86.0000
Update: 1115 | Average Return: 25.8200 | Average Episode Length: 320.0000
Update: 1116 | Average Return: 20.5700 | Average Episode Length: 199.0000
Update: 1117 | Average Return: 27.4200 | Average Episode Length: 86.0000
Update: 1118 | Average Return: 24.1100 | Average Episode Length: 96.0000
Update: 1119 | Average Return: 15.6600 | Average Episode Length: 123.0000
Update: 1120 | Average Return: 21.8400 | Average Episode Length: 356.0000
Update: 1121 | Average Return: 18.2400 | Average Episode Length: 246.0000
Update: 1122 | Average Return: 27.1900 | Average Episode Length: 276.0000
Update: 1123 | Average Return: 18.1500 | Average Episode Length: 276.0000
Update: 1124 | Average Return: 13.7400 | Average Episode Length: 86.0000
Update: 1125 | Average Return: 18.9400 | Average Episode Length: 86.0000
Update: 1126 | Average Return: 22.3300 | Average Episode Length: 125.0000
Update: 1127 | Average Return: 27.7200 | Average Episode Length: 315.0000
Update: 1128 | Average Return: 29.0900 | Average Episode Length: 276.0000
Update: 1129 | Average Return: 17.9300 | Average Episode Length: 199.0000
Update: 1130 | Average Return: 24.0900 | Average Episode Length: 509.0000
Update: 1131 | Average Return: 13.3500 | Average Episode Length: 199.0000
Update: 1132 | Average Return: 23.1200 | Average Episode Length: 247.0000
Update: 1133 | Average Return: 28.0600 | Average Episode Length: 86.0000
Update: 1134 | Average Return: 14.6900 | Average Episode Length: 86.0000
Update: 1135 | Average Return: 18.5100 | Average Episode Length: 318.0000
Update: 1136 | Average Return: 19.7600 | Average Episode Length: 431.0000
Update: 1137 | Average Return: 25.1100 | Average Episode Length: 105.0000
Update: 1138 | Average Return: 17.0500 | Average Episode Length: 277.0000
Update: 1139 | Average Return: 19.8700 | Average Episode Length: 394.0000
Update: 1140 | Average Return: 16.4100 | Average Episode Length: 92.0000
Update: 1141 | Average Return: 16.7700 | Average Episode Length: 86.0000
Update: 1142 | Average Return: 24.5300 | Average Episode Length: 122.0000
Update: 1143 | Average Return: 33.0400 | Average Episode Length: 396.0000
Update: 1144 | Average Return: 22.9500 | Average Episode Length: 93.0000
Update: 1145 | Average Return: 21.3700 | Average Episode Length: 199.0000
Update: 1146 | Average Return: 29.5400 | Average Episode Length: 321.0000
Update: 1147 | Average Return: 18.6100 | Average Episode Length: 104.0000
Update: 1148 | Average Return: 14.2100 | Average Episode Length: 89.0000
Update: 1149 | Average Return: 24.4600 | Average Episode Length: 124.0000
Update: 1150 | Average Return: 24.6400 | Average Episode Length: 239.0000
Update: 1151 | Average Return: 23.2500 | Average Episode Length: 576.0000
Update: 1152 | Average Return: 22.5700 | Average Episode Length: 199.0000
Update: 1153 | Average Return: 26.3100 | Average Episode Length: 204.0000
Update: 1154 | Average Return: 21.3200 | Average Episode Length: 199.0000
Update: 1155 | Average Return: 23.2900 | Average Episode Length: 87.0000
Update: 1156 | Average Return: 21.9400 | Average Episode Length: 574.0000
Update: 1157 | Average Return: 18.7900 | Average Episode Length: 86.0000
Update: 1158 | Average Return: 28.0600 | Average Episode Length: 235.0000
Update: 1159 | Average Return: 19.1500 | Average Episode Length: 219.0000
Update: 1160 | Average Return: 13.3500 | Average Episode Length: 86.0000
Update: 1161 | Average Return: 26.7900 | Average Episode Length: 199.0000
Update: 1162 | Average Return: 25.7300 | Average Episode Length: 235.0000
Update: 1163 | Average Return: 34.5600 | Average Episode Length: 357.0000
Update: 1164 | Average Return: 17.2300 | Average Episode Length: 199.0000
Update: 1165 | Average Return: 28.3900 | Average Episode Length: 170.0000
Update: 1166 | Average Return: 43.0400 | Average Episode Length: 172.0000
Update: 1167 | Average Return: 23.0100 | Average Episode Length: 86.0000
Update: 1168 | Average Return: 21.6400 | Average Episode Length: 91.0000
Update: 1169 | Average Return: 17.3800 | Average Episode Length: 123.0000
Update: 1170 | Average Return: 27.2800 | Average Episode Length: 312.0000
Update: 1171 | Average Return: 18.6000 | Average Episode Length: 86.0000
Update: 1172 | Average Return: 21.5300 | Average Episode Length: 205.0000
Update: 1173 | Average Return: 21.6100 | Average Episode Length: 163.0000
Update: 1174 | Average Return: 17.1000 | Average Episode Length: 94.0000
Update: 1175 | Average Return: 23.4100 | Average Episode Length: 210.0000
Update: 1176 | Average Return: 16.7000 | Average Episode Length: 89.0000
Update: 1177 | Average Return: 26.1300 | Average Episode Length: 86.0000
Update: 1178 | Average Return: 27.3600 | Average Episode Length: 312.0000
Update: 1179 | Average Return: 17.5700 | Average Episode Length: 122.0000
Update: 1180 | Average Return: 20.5300 | Average Episode Length: 87.0000
Update: 1181 | Average Return: 23.6700 | Average Episode Length: 89.0000
Update: 1182 | Average Return: 38.2600 | Average Episode Length: 207.0000
Update: 1183 | Average Return: 25.7200 | Average Episode Length: 126.0000
Update: 1184 | Average Return: 21.7000 | Average Episode Length: 122.0000
Update: 1185 | Average Return: 23.5000 | Average Episode Length: 351.0000
Update: 1186 | Average Return: 18.2100 | Average Episode Length: 204.0000
Update: 1187 | Average Return: 27.5100 | Average Episode Length: 88.0000
Update: 1188 | Average Return: 17.6100 | Average Episode Length: 86.0000
Update: 1189 | Average Return: 19.9100 | Average Episode Length: 86.0000
Update: 1190 | Average Return: 36.2600 | Average Episode Length: 164.0000
Update: 1191 | Average Return: 18.2700 | Average Episode Length: 470.0000
Update: 1192 | Average Return: 26.4400 | Average Episode Length: 425.0000
Update: 1193 | Average Return: 24.4900 | Average Episode Length: 86.0000
Update: 1194 | Average Return: 27.2100 | Average Episode Length: 170.0000
Update: 1195 | Average Return: 26.5600 | Average Episode Length: 131.0000
Update: 1196 | Average Return: 21.4400 | Average Episode Length: 235.0000
Update: 1197 | Average Return: 26.3300 | Average Episode Length: 431.0000
Update: 1198 | Average Return: 29.2300 | Average Episode Length: 124.0000
Update: 1199 | Average Return: 25.7900 | Average Episode Length: 87.0000
Update: 1200 | Average Return: 20.2500 | Average Episode Length: 86.0000
Update: 1201 | Average Return: 27.6100 | Average Episode Length: 86.0000
Update: 1202 | Average Return: 20.1600 | Average Episode Length: 87.0000
Update: 1203 | Average Return: 24.2000 | Average Episode Length: 124.0000
Update: 1204 | Average Return: 21.2800 | Average Episode Length: 207.0000
Update: 1205 | Average Return: 21.9100 | Average Episode Length: 86.0000
Update: 1206 | Average Return: 28.9200 | Average Episode Length: 888.0000
Update: 1207 | Average Return: 16.4400 | Average Episode Length: 88.0000
Update: 1208 | Average Return: 19.3600 | Average Episode Length: 183.0000
Update: 1209 | Average Return: 14.9500 | Average Episode Length: 93.0000
Update: 1210 | Average Return: 23.5000 | Average Episode Length: 171.0000
Update: 1211 | Average Return: 28.8300 | Average Episode Length: 463.0000
Update: 1212 | Average Return: 41.1600 | Average Episode Length: 462.0000
Update: 1213 | Average Return: 15.9900 | Average Episode Length: 86.0000
Update: 1214 | Average Return: 25.6900 | Average Episode Length: 296.0000
Update: 1215 | Average Return: 26.4600 | Average Episode Length: 205.0000
Update: 1216 | Average Return: 29.1900 | Average Episode Length: 86.0000
Update: 1217 | Average Return: 16.4400 | Average Episode Length: 131.0000
Update: 1218 | Average Return: 26.6800 | Average Episode Length: 217.0000
Update: 1219 | Average Return: 25.1800 | Average Episode Length: 202.0000
Update: 1220 | Average Return: 18.7800 | Average Episode Length: 86.0000
Update: 1221 | Average Return: 27.6500 | Average Episode Length: 122.0000
Update: 1222 | Average Return: 26.2100 | Average Episode Length: 199.0000
Update: 1223 | Average Return: 26.9600 | Average Episode Length: 123.0000
Update: 1224 | Average Return: 20.9400 | Average Episode Length: 89.0000
Update: 1225 | Average Return: 24.6200 | Average Episode Length: 199.0000
Update: 1226 | Average Return: 21.1300 | Average Episode Length: 86.0000
Update: 1227 | Average Return: 19.7100 | Average Episode Length: 312.0000
Update: 1228 | Average Return: 21.9900 | Average Episode Length: 312.0000
Update: 1229 | Average Return: 16.9400 | Average Episode Length: 163.0000
Update: 1230 | Average Return: 18.9600 | Average Episode Length: 199.0000
Update: 1231 | Average Return: 23.9600 | Average Episode Length: 235.0000
Update: 1232 | Average Return: 23.0900 | Average Episode Length: 123.0000
Update: 1233 | Average Return: 20.8000 | Average Episode Length: 199.0000
Update: 1234 | Average Return: 31.7700 | Average Episode Length: 199.0000
Update: 1235 | Average Return: 25.7700 | Average Episode Length: 199.0000
Update: 1236 | Average Return: 34.8300 | Average Episode Length: 312.0000
Update: 1237 | Average Return: 37.2300 | Average Episode Length: 122.0000
Update: 1238 | Average Return: 21.2200 | Average Episode Length: 199.0000
Update: 1239 | Average Return: 27.8200 | Average Episode Length: 360.0000
Update: 1240 | Average Return: 30.0900 | Average Episode Length: 208.0000
Update: 1241 | Average Return: 24.3300 | Average Episode Length: 312.0000
Update: 1242 | Average Return: 17.4800 | Average Episode Length: 235.0000
Update: 1243 | Average Return: 36.2600 | Average Episode Length: 317.0000
Update: 1244 | Average Return: 27.4800 | Average Episode Length: 206.0000
Update: 1245 | Average Return: 16.1800 | Average Episode Length: 163.0000
Update: 1246 | Average Return: 21.7400 | Average Episode Length: 235.0000
Update: 1247 | Average Return: 27.0800 | Average Episode Length: 348.0000
Update: 1248 | Average Return: 20.1700 | Average Episode Length: 123.0000
Update: 1249 | Average Return: 28.5200 | Average Episode Length: 163.0000
Update: 1250 | Average Return: 21.3700 | Average Episode Length: 199.0000
Update: 1251 | Average Return: 16.2000 | Average Episode Length: 206.0000
Update: 1252 | Average Return: 17.2700 | Average Episode Length: 86.0000
Update: 1253 | Average Return: 19.5900 | Average Episode Length: 237.0000
Update: 1254 | Average Return: 32.7300 | Average Episode Length: 86.0000
Update: 1255 | Average Return: 29.5200 | Average Episode Length: 883.0000
Update: 1256 | Average Return: 22.8300 | Average Episode Length: 86.0000
Update: 1257 | Average Return: 25.5400 | Average Episode Length: 574.0000
Update: 1258 | Average Return: 22.6100 | Average Episode Length: 105.0000
Update: 1259 | Average Return: 22.1200 | Average Episode Length: 246.0000
Update: 1260 | Average Return: 19.7100 | Average Episode Length: 425.0000
Update: 1261 | Average Return: 35.8500 | Average Episode Length: 296.0000
Update: 1262 | Average Return: 29.0500 | Average Episode Length: 86.0000
Update: 1263 | Average Return: 21.3400 | Average Episode Length: 87.0000
Update: 1264 | Average Return: 25.8200 | Average Episode Length: 87.0000
Update: 1265 | Average Return: 31.7700 | Average Episode Length: 183.0000
Update: 1266 | Average Return: 24.8600 | Average Episode Length: 86.0000
Update: 1267 | Average Return: 32.2900 | Average Episode Length: 87.0000
Update: 1268 | Average Return: 30.4800 | Average Episode Length: 86.0000
Update: 1269 | Average Return: 16.2900 | Average Episode Length: 283.0000
Update: 1270 | Average Return: 32.0100 | Average Episode Length: 163.0000
Update: 1271 | Average Return: 21.8700 | Average Episode Length: 348.0000
Update: 1272 | Average Return: 31.9200 | Average Episode Length: 199.0000
Update: 1273 | Average Return: 20.2700 | Average Episode Length: 86.0000
Update: 1274 | Average Return: 22.6600 | Average Episode Length: 425.0000
Update: 1275 | Average Return: 24.2700 | Average Episode Length: 425.0000
Update: 1276 | Average Return: 22.2300 | Average Episode Length: 124.0000
Update: 1277 | Average Return: 12.3900 | Average Episode Length: 131.0000
Update: 1278 | Average Return: 26.7100 | Average Episode Length: 425.0000
Update: 1279 | Average Return: 27.8600 | Average Episode Length: 88.0000
Update: 1280 | Average Return: 18.3400 | Average Episode Length: 199.0000
Update: 1281 | Average Return: 23.4000 | Average Episode Length: 425.0000
Update: 1282 | Average Return: 24.2700 | Average Episode Length: 235.0000
Update: 1283 | Average Return: 29.5700 | Average Episode Length: 86.0000
Update: 1284 | Average Return: 21.3300 | Average Episode Length: 199.0000
Update: 1285 | Average Return: 23.5600 | Average Episode Length: 127.0000
Update: 1286 | Average Return: 28.8200 | Average Episode Length: 183.0000
Update: 1287 | Average Return: 27.4000 | Average Episode Length: 91.0000
Update: 1288 | Average Return: 19.8900 | Average Episode Length: 199.0000
Update: 1289 | Average Return: 35.5300 | Average Episode Length: 538.0000
Update: 1290 | Average Return: 17.1300 | Average Episode Length: 86.0000
Update: 1291 | Average Return: 25.0700 | Average Episode Length: 87.0000
Update: 1292 | Average Return: 23.1100 | Average Episode Length: 200.0000
